[ 2018-03-31T15:15:28+08:00 ] 127.0.0.1 /admin/User/baodan.html
INFO: [ app_init ] --START--
INFO: Run Behavior\BuildLiteBehavior [ RunTime:0.000000s ]
INFO: [ app_init ] --END-- [ RunTime:0.001000s ]
INFO: [ app_begin ] --START--
INFO: Run Behavior\ReadHtmlCacheBehavior [ RunTime:0.002000s ]
INFO: Run Behavior\CheckLangBehavior [ RunTime:0.001000s ]
INFO: [ app_begin ] --END-- [ RunTime:0.003000s ]
SQL: SHOW COLUMNS FROM `ztp_config` [ RunTime:0.0160s ]
SQL: SELECT * FROM `ztp_config`  [ RunTime:0.0010s ]
SQL: SHOW COLUMNS FROM `ztp_auth_group_access` [ RunTime:0.0180s ]
SQL: SELECT `uid`,`group_id`,`title`,`rules` FROM ztp_auth_group_access a INNER JOIN ztp_auth_group g on a.group_id=g.id  WHERE ( a.uid='1' and g.status='1' )  [ RunTime:0.0010s ]
SQL: SHOW COLUMNS FROM `ztp_auth_rule` [ RunTime:0.0170s ]
SQL: SELECT `condition`,`name` FROM `ztp_auth_rule` WHERE `id` IN ('6','96','20','1','2','3','4','5','64','2026','2027','2028','2157','2158','2159','2160','2163','2166','2214','2215','2216','21','7','8','9','10','11','12','13','14','15','16','19','2074','2153','2154','2155','153','154','2003','2006','2007','2008','2075','2009','2010','2011','2014','2015','2029','2111','2118','2122','2147','2184','2185','2189','2190','2202','2182','2221','2222','2223','2224','2225','2226','2227','2018','2020','2022','2023','2024','2025','2145','2151','2152','2186','2057','2060','2062','2179','2138','2139','2140','2141','2193','2218','2219','2220','2142','2143','2144','2191','2187','2197','2198','2199','2200','2201','2217','2203') AND `type` = 1 AND `status` = 1  [ RunTime:0.0010s ]
SQL: SELECT * FROM `ztp_config` WHERE `key` = 'project_money_count' LIMIT 1   [ RunTime:0.0010s ]
SQL: SELECT * FROM `ztp_config` WHERE `key` = 'project_money_count_day' LIMIT 1   [ RunTime:0.0010s ]
SQL: SHOW COLUMNS FROM `ztp_project_user_auto` [ RunTime:0.0170s ]
SQL: SELECT * FROM `ztp_project_user_auto` WHERE `status` = 0  [ RunTime:0.0010s ]
NOTIC: [8] Undefined variable: gufen_zong D:\WWW\fys\App\Admin\Controller\AdminBaseController.class.php 第 25 行.
SQL: SELECT * FROM `ztp_config` WHERE `key` = 'bili_fenhong_day' LIMIT 1   [ RunTime:0.0010s ]
NOTIC: [2] Division by zero D:\WWW\fys\App\Admin\Controller\AdminBaseController.class.php 第 29 行.
SQL: SHOW COLUMNS FROM `ztp_project_user` [ RunTime:0.0890s ]
NOTIC: [8] Undefined variable: where D:\WWW\fys\App\Admin\Controller\UserController.class.php 第 605 行.
SQL: SELECT COUNT(*) AS tp_count FROM `ztp_project_user` LIMIT 1   [ RunTime:0.0010s ]
NOTIC: [8] Undefined variable: where D:\WWW\fys\App\Admin\Controller\UserController.class.php 第 611 行.
SQL: SELECT * FROM `ztp_project_user` ORDER BY id desc LIMIT 0,25   [ RunTime:0.0010s ]
SQL: SHOW COLUMNS FROM `ztp_user` [ RunTime:0.0810s ]
SQL: SELECT * FROM `ztp_user` WHERE `uid` = 391 AND `status` <> -404 LIMIT 1   [ RunTime:0.0240s ]
SQL: SELECT * FROM `ztp_user` WHERE `uid` = 391 AND `status` <> -404 LIMIT 1   [ RunTime:0.0010s ]
SQL: SELECT * FROM `ztp_user` WHERE `uid` = 390 AND `status` <> -404 LIMIT 1   [ RunTime:0.0010s ]
SQL: SELECT * FROM `ztp_user` WHERE `uid` = 390 AND `status` <> -404 LIMIT 1   [ RunTime:0.0000s ]
INFO: [ view_parse ] --START--
INFO: [ template_filter ] --START--
INFO: Run Behavior\ContentReplaceBehavior [ RunTime:0.000000s ]
INFO: [ template_filter ] --END-- [ RunTime:0.000000s ]
NOTIC: [8] Undefined index: username D:\WWW\fys\App\Runtime\Cache\Admin\cbea8730bf8090d44f9478723d088c05.php 第 31 行.
INFO: Run Behavior\ParseTemplateBehavior [ RunTime:0.045003s ]
INFO: [ view_parse ] --END-- [ RunTime:0.045003s ]
INFO: [ view_filter ] --START--
INFO: Run Behavior\WriteHtmlCacheBehavior [ RunTime:0.001000s ]
INFO: [ view_filter ] --END-- [ RunTime:0.002000s ]
INFO: [ app_end ] --START--
INFO: Run Behavior\ShowPageTraceBehavior [ RunTime:0.002000s ]
INFO: [ app_end ] --END-- [ RunTime:0.002000s ]

[ 2018-03-31T15:15:39+08:00 ] 127.0.0.1 /admin/User/getJiegou.html
INFO: [ app_init ] --START--
INFO: Run Behavior\BuildLiteBehavior [ RunTime:0.000000s ]
INFO: [ app_init ] --END-- [ RunTime:0.001000s ]
INFO: [ app_begin ] --START--
INFO: Run Behavior\ReadHtmlCacheBehavior [ RunTime:0.001000s ]
INFO: Run Behavior\CheckLangBehavior [ RunTime:0.001000s ]
INFO: [ app_begin ] --END-- [ RunTime:0.003000s ]
SQL: SELECT * FROM `ztp_config`  [ RunTime:0.0020s ]
SQL: SHOW COLUMNS FROM `ztp_auth_group_access` [ RunTime:0.0200s ]
SQL: SELECT `uid`,`group_id`,`title`,`rules` FROM ztp_auth_group_access a INNER JOIN ztp_auth_group g on a.group_id=g.id  WHERE ( a.uid='1' and g.status='1' )  [ RunTime:0.0020s ]
SQL: SHOW COLUMNS FROM `ztp_auth_rule` [ RunTime:0.0200s ]
SQL: SELECT `condition`,`name` FROM `ztp_auth_rule` WHERE `id` IN ('6','96','20','1','2','3','4','5','64','2026','2027','2028','2157','2158','2159','2160','2163','2166','2214','2215','2216','21','7','8','9','10','11','12','13','14','15','16','19','2074','2153','2154','2155','153','154','2003','2006','2007','2008','2075','2009','2010','2011','2014','2015','2029','2111','2118','2122','2147','2184','2185','2189','2190','2202','2182','2221','2222','2223','2224','2225','2226','2227','2018','2020','2022','2023','2024','2025','2145','2151','2152','2186','2057','2060','2062','2179','2138','2139','2140','2141','2193','2218','2219','2220','2142','2143','2144','2191','2187','2197','2198','2199','2200','2201','2217','2203') AND `type` = 1 AND `status` = 1  [ RunTime:0.0030s ]
SQL: SELECT * FROM `ztp_config` WHERE `key` = 'project_money_count' LIMIT 1   [ RunTime:0.0020s ]
SQL: SELECT * FROM `ztp_config` WHERE `key` = 'project_money_count_day' LIMIT 1   [ RunTime:0.0020s ]
SQL: SELECT * FROM `ztp_project_user_auto` WHERE `status` = 0  [ RunTime:0.0020s ]
NOTIC: [8] Undefined variable: gufen_zong D:\WWW\fys\App\Admin\Controller\AdminBaseController.class.php 第 25 行.
SQL: SELECT * FROM `ztp_config` WHERE `key` = 'bili_fenhong_day' LIMIT 1   [ RunTime:0.0020s ]
NOTIC: [2] Division by zero D:\WWW\fys\App\Admin\Controller\AdminBaseController.class.php 第 29 行.
SQL: SHOW COLUMNS FROM `ztp_user_jiegou_view` [ RunTime:0.0580s ]
SQL: SELECT * FROM `ztp_user_jiegou_view` WHERE `uid` = 1 LIMIT 1   [ RunTime:0.0030s ]
SQL: SELECT SUM(money) AS tp_sum FROM `ztp_project_user_auto` WHERE `uid` = 1 AND `status` = 0 LIMIT 1   [ RunTime:0.0020s ]
INFO: [ view_parse ] --START--
INFO: [ template_filter ] --START--
INFO: Run Behavior\ContentReplaceBehavior [ RunTime:0.001000s ]
INFO: [ template_filter ] --END-- [ RunTime:0.001000s ]
NOTIC: [8] Undefined index: username D:\WWW\fys\App\Runtime\Cache\Admin\2af7ad4924e7c1d3504a61a34e3cc553.php 第 183 行.
NOTIC: [8] Undefined index: email D:\WWW\fys\App\Runtime\Cache\Admin\2af7ad4924e7c1d3504a61a34e3cc553.php 第 186 行.
NOTIC: [8] Undefined index: phone D:\WWW\fys\App\Runtime\Cache\Admin\2af7ad4924e7c1d3504a61a34e3cc553.php 第 189 行.
INFO: Run Behavior\ParseTemplateBehavior [ RunTime:0.026001s ]
INFO: [ view_parse ] --END-- [ RunTime:0.026001s ]
INFO: [ view_filter ] --START--
INFO: Run Behavior\WriteHtmlCacheBehavior [ RunTime:0.001000s ]
INFO: [ view_filter ] --END-- [ RunTime:0.001000s ]
INFO: [ app_end ] --START--
INFO: Run Behavior\ShowPageTraceBehavior [ RunTime:0.002000s ]
INFO: [ app_end ] --END-- [ RunTime:0.002000s ]

[ 2018-03-31T15:16:01+08:00 ] 127.0.0.1 /admin/Coin/showChongBiLog.html
INFO: [ app_init ] --START--
INFO: Run Behavior\BuildLiteBehavior [ RunTime:0.000000s ]
INFO: [ app_init ] --END-- [ RunTime:0.001000s ]
INFO: [ app_begin ] --START--
INFO: Run Behavior\ReadHtmlCacheBehavior [ RunTime:0.002000s ]
INFO: Run Behavior\CheckLangBehavior [ RunTime:0.001000s ]
INFO: [ app_begin ] --END-- [ RunTime:0.003000s ]
SQL: SELECT * FROM `ztp_config`  [ RunTime:0.0010s ]
SQL: SHOW COLUMNS FROM `ztp_auth_group_access` [ RunTime:0.0170s ]
SQL: SELECT `uid`,`group_id`,`title`,`rules` FROM ztp_auth_group_access a INNER JOIN ztp_auth_group g on a.group_id=g.id  WHERE ( a.uid='1' and g.status='1' )  [ RunTime:0.0010s ]
SQL: SHOW COLUMNS FROM `ztp_auth_rule` [ RunTime:0.0150s ]
SQL: SELECT `condition`,`name` FROM `ztp_auth_rule` WHERE `id` IN ('6','96','20','1','2','3','4','5','64','2026','2027','2028','2157','2158','2159','2160','2163','2166','2214','2215','2216','21','7','8','9','10','11','12','13','14','15','16','19','2074','2153','2154','2155','153','154','2003','2006','2007','2008','2075','2009','2010','2011','2014','2015','2029','2111','2118','2122','2147','2184','2185','2189','2190','2202','2182','2221','2222','2223','2224','2225','2226','2227','2018','2020','2022','2023','2024','2025','2145','2151','2152','2186','2057','2060','2062','2179','2138','2139','2140','2141','2193','2218','2219','2220','2142','2143','2144','2191','2187','2197','2198','2199','2200','2201','2217','2203') AND `type` = 1 AND `status` = 1  [ RunTime:0.0020s ]
SQL: SELECT * FROM `ztp_config` WHERE `key` = 'project_money_count' LIMIT 1   [ RunTime:0.0020s ]
SQL: SELECT * FROM `ztp_config` WHERE `key` = 'project_money_count_day' LIMIT 1   [ RunTime:0.0020s ]
SQL: SELECT * FROM `ztp_project_user_auto` WHERE `status` = 0  [ RunTime:0.0010s ]
NOTIC: [8] Undefined variable: gufen_zong D:\WWW\fys\App\Admin\Controller\AdminBaseController.class.php 第 25 行.
SQL: SELECT * FROM `ztp_config` WHERE `key` = 'bili_fenhong_day' LIMIT 1   [ RunTime:0.0010s ]
NOTIC: [2] Division by zero D:\WWW\fys\App\Admin\Controller\AdminBaseController.class.php 第 29 行.
SQL: SHOW COLUMNS FROM `ztp_bank` [ RunTime:0.0440s ]
SQL: SELECT * FROM `ztp_bank`  [ RunTime:0.0020s ]
SQL: SHOW COLUMNS FROM `ztp_recharge` [ RunTime:0.0200s ]
NOTIC: [8] Undefined variable: where D:\WWW\fys\App\Admin\Controller\CoinController.class.php 第 60 行.
SQL: SELECT COUNT(*) AS tp_count FROM `ztp_recharge` LIMIT 1   [ RunTime:0.0010s ]
NOTIC: [8] Undefined variable: where D:\WWW\fys\App\Admin\Controller\CoinController.class.php 第 65 行.
SQL: SELECT * FROM `ztp_recharge` ORDER BY add_time desc,status desc LIMIT 0,15   [ RunTime:0.0020s ]
SQL: SELECT * FROM `ztp_user` WHERE `uid` = 392 LIMIT 1   [ RunTime:0.0010s ]
SQL: SELECT * FROM `ztp_bank` WHERE `bank_id` = null LIMIT 1   [ RunTime:0.0010s ]
SQL: SELECT * FROM `ztp_user` WHERE `uid` = 391 LIMIT 1   [ RunTime:0.0010s ]
SQL: SELECT * FROM `ztp_user` WHERE `uid` = 391 LIMIT 1   [ RunTime:0.0010s ]
SQL: SELECT * FROM `ztp_bank` WHERE `bank_id` = null LIMIT 1   [ RunTime:0.0010s ]
SQL: SELECT * FROM `ztp_user` WHERE `uid` = 390 LIMIT 1   [ RunTime:0.0010s ]
INFO: [ view_parse ] --START--
INFO: [ template_filter ] --START--
INFO: Run Behavior\ContentReplaceBehavior [ RunTime:0.001000s ]
INFO: [ template_filter ] --END-- [ RunTime:0.001000s ]
NOTIC: [8] Undefined variable: username D:\WWW\fys\App\Runtime\Cache\Admin\a973d67ecf560e4b6f385e3418b128b6.php 第 32 行.
INFO: Run Behavior\ParseTemplateBehavior [ RunTime:0.036002s ]
INFO: [ view_parse ] --END-- [ RunTime:0.037002s ]
INFO: [ view_filter ] --START--
INFO: Run Behavior\WriteHtmlCacheBehavior [ RunTime:0.000000s ]
INFO: [ view_filter ] --END-- [ RunTime:0.000000s ]
INFO: [ app_end ] --START--
INFO: Run Behavior\ShowPageTraceBehavior [ RunTime:0.001000s ]
INFO: [ app_end ] --END-- [ RunTime:0.001000s ]

[ 2018-03-31T15:16:19+08:00 ] 127.0.0.1 /admin/Coin/showChongBiLog.html
INFO: [ app_init ] --START--
INFO: Run Behavior\BuildLiteBehavior [ RunTime:0.000000s ]
INFO: [ app_init ] --END-- [ RunTime:0.001000s ]
INFO: [ app_begin ] --START--
INFO: Run Behavior\ReadHtmlCacheBehavior [ RunTime:0.001000s ]
INFO: Run Behavior\CheckLangBehavior [ RunTime:0.001000s ]
INFO: [ app_begin ] --END-- [ RunTime:0.002000s ]
SQL: SELECT * FROM `ztp_config`  [ RunTime:0.0010s ]
SQL: SHOW COLUMNS FROM `ztp_auth_group_access` [ RunTime:0.0160s ]
SQL: SELECT `uid`,`group_id`,`title`,`rules` FROM ztp_auth_group_access a INNER JOIN ztp_auth_group g on a.group_id=g.id  WHERE ( a.uid='1' and g.status='1' )  [ RunTime:0.0010s ]
SQL: SHOW COLUMNS FROM `ztp_auth_rule` [ RunTime:0.0170s ]
SQL: SELECT `condition`,`name` FROM `ztp_auth_rule` WHERE `id` IN ('6','96','20','1','2','3','4','5','64','2026','2027','2028','2157','2158','2159','2160','2163','2166','2214','2215','2216','21','7','8','9','10','11','12','13','14','15','16','19','2074','2153','2154','2155','153','154','2003','2006','2007','2008','2075','2009','2010','2011','2014','2015','2029','2111','2118','2122','2147','2184','2185','2189','2190','2202','2182','2221','2222','2223','2224','2225','2226','2227','2018','2020','2022','2023','2024','2025','2145','2151','2152','2186','2057','2060','2062','2179','2138','2139','2140','2141','2193','2218','2219','2220','2142','2143','2144','2191','2187','2197','2198','2199','2200','2201','2217','2203') AND `type` = 1 AND `status` = 1  [ RunTime:0.0020s ]
SQL: SELECT * FROM `ztp_config` WHERE `key` = 'project_money_count' LIMIT 1   [ RunTime:0.0010s ]
SQL: SELECT * FROM `ztp_config` WHERE `key` = 'project_money_count_day' LIMIT 1   [ RunTime:0.0010s ]
SQL: SELECT * FROM `ztp_project_user_auto` WHERE `status` = 0  [ RunTime:0.0010s ]
NOTIC: [8] Undefined variable: gufen_zong D:\WWW\fys\App\Admin\Controller\AdminBaseController.class.php 第 25 行.
SQL: SELECT * FROM `ztp_config` WHERE `key` = 'bili_fenhong_day' LIMIT 1   [ RunTime:0.0010s ]
NOTIC: [2] Division by zero D:\WWW\fys\App\Admin\Controller\AdminBaseController.class.php 第 29 行.
SQL: SELECT * FROM `ztp_bank`  [ RunTime:0.0010s ]
NOTIC: [8] Undefined variable: where D:\WWW\fys\App\Admin\Controller\CoinController.class.php 第 60 行.
SQL: SELECT COUNT(*) AS tp_count FROM `ztp_recharge` LIMIT 1   [ RunTime:0.0010s ]
NOTIC: [8] Undefined variable: where D:\WWW\fys\App\Admin\Controller\CoinController.class.php 第 65 行.
SQL: SELECT * FROM `ztp_recharge` ORDER BY add_time desc,status desc LIMIT 0,15   [ RunTime:0.0010s ]
SQL: SELECT * FROM `ztp_user` WHERE `uid` = 392 LIMIT 1   [ RunTime:0.0010s ]
SQL: SELECT * FROM `ztp_bank` WHERE `bank_id` = null LIMIT 1   [ RunTime:0.0010s ]
SQL: SELECT * FROM `ztp_user` WHERE `uid` = 391 LIMIT 1   [ RunTime:0.0010s ]
SQL: SELECT * FROM `ztp_user` WHERE `uid` = 391 LIMIT 1   [ RunTime:0.0000s ]
SQL: SELECT * FROM `ztp_bank` WHERE `bank_id` = null LIMIT 1   [ RunTime:0.0000s ]
SQL: SELECT * FROM `ztp_user` WHERE `uid` = 390 LIMIT 1   [ RunTime:0.0000s ]
INFO: [ view_parse ] --START--
INFO: [ template_filter ] --START--
INFO: Run Behavior\ContentReplaceBehavior [ RunTime:0.001000s ]
INFO: [ template_filter ] --END-- [ RunTime:0.001000s ]
NOTIC: [8] Undefined variable: username D:\WWW\fys\App\Runtime\Cache\Admin\a973d67ecf560e4b6f385e3418b128b6.php 第 32 行.
INFO: Run Behavior\ParseTemplateBehavior [ RunTime:0.025002s ]
INFO: [ view_parse ] --END-- [ RunTime:0.025002s ]
INFO: [ view_filter ] --START--
INFO: Run Behavior\WriteHtmlCacheBehavior [ RunTime:0.000000s ]
INFO: [ view_filter ] --END-- [ RunTime:0.000000s ]
INFO: [ app_end ] --START--
INFO: Run Behavior\ShowPageTraceBehavior [ RunTime:0.002000s ]
INFO: [ app_end ] --END-- [ RunTime:0.002000s ]

[ 2018-03-31T15:16:21+08:00 ] 127.0.0.1 /admin/Coin/findPingzheng/recharge_id/440.html
INFO: [ app_init ] --START--
INFO: Run Behavior\BuildLiteBehavior [ RunTime:0.000000s ]
INFO: [ app_init ] --END-- [ RunTime:0.000000s ]
INFO: [ app_begin ] --START--
INFO: Run Behavior\ReadHtmlCacheBehavior [ RunTime:0.001000s ]
INFO: Run Behavior\CheckLangBehavior [ RunTime:0.001000s ]
INFO: [ app_begin ] --END-- [ RunTime:0.004000s ]
SQL: SELECT * FROM `ztp_config`  [ RunTime:0.0010s ]
SQL: SHOW COLUMNS FROM `ztp_auth_group_access` [ RunTime:0.0220s ]
SQL: SELECT `uid`,`group_id`,`title`,`rules` FROM ztp_auth_group_access a INNER JOIN ztp_auth_group g on a.group_id=g.id  WHERE ( a.uid='1' and g.status='1' )  [ RunTime:0.0020s ]
SQL: SHOW COLUMNS FROM `ztp_auth_rule` [ RunTime:0.0230s ]
SQL: SELECT `condition`,`name` FROM `ztp_auth_rule` WHERE `id` IN ('6','96','20','1','2','3','4','5','64','2026','2027','2028','2157','2158','2159','2160','2163','2166','2214','2215','2216','21','7','8','9','10','11','12','13','14','15','16','19','2074','2153','2154','2155','153','154','2003','2006','2007','2008','2075','2009','2010','2011','2014','2015','2029','2111','2118','2122','2147','2184','2185','2189','2190','2202','2182','2221','2222','2223','2224','2225','2226','2227','2018','2020','2022','2023','2024','2025','2145','2151','2152','2186','2057','2060','2062','2179','2138','2139','2140','2141','2193','2218','2219','2220','2142','2143','2144','2191','2187','2197','2198','2199','2200','2201','2217','2203') AND `type` = 1 AND `status` = 1  [ RunTime:0.0020s ]
SQL: SELECT * FROM `ztp_config` WHERE `key` = 'project_money_count' LIMIT 1   [ RunTime:0.0010s ]
SQL: SELECT * FROM `ztp_config` WHERE `key` = 'project_money_count_day' LIMIT 1   [ RunTime:0.0000s ]
SQL: SELECT * FROM `ztp_project_user_auto` WHERE `status` = 0  [ RunTime:0.0010s ]
NOTIC: [8] Undefined variable: gufen_zong D:\WWW\fys\App\Admin\Controller\AdminBaseController.class.php 第 25 行.
SQL: SELECT * FROM `ztp_config` WHERE `key` = 'bili_fenhong_day' LIMIT 1   [ RunTime:0.0020s ]
NOTIC: [2] Division by zero D:\WWW\fys\App\Admin\Controller\AdminBaseController.class.php 第 29 行.
SQL: SHOW COLUMNS FROM `ztp_recharge_pic` [ RunTime:0.0960s ]
SQL: SELECT * FROM `ztp_recharge_pic` WHERE `recharge_id` = 440  [ RunTime:0.0010s ]
INFO: [ view_parse ] --START--
INFO: [ template_filter ] --START--
INFO: Run Behavior\ContentReplaceBehavior [ RunTime:0.000000s ]
INFO: [ template_filter ] --END-- [ RunTime:0.000000s ]
INFO: Run Behavior\ParseTemplateBehavior [ RunTime:0.060003s ]
INFO: [ view_parse ] --END-- [ RunTime:0.060003s ]
INFO: [ view_filter ] --START--
INFO: Run Behavior\WriteHtmlCacheBehavior [ RunTime:0.001000s ]
INFO: [ view_filter ] --END-- [ RunTime:0.001000s ]
INFO: [ app_end ] --START--
INFO: Run Behavior\ShowPageTraceBehavior [ RunTime:0.001000s ]
INFO: [ app_end ] --END-- [ RunTime:0.001000s ]

[ 2018-03-31T15:19:54+08:00 ] 127.0.0.1 /admin/User/baodan.html
INFO: [ app_init ] --START--
INFO: Run Behavior\BuildLiteBehavior [ RunTime:0.001000s ]
INFO: [ app_init ] --END-- [ RunTime:0.001000s ]
INFO: [ app_begin ] --START--
INFO: Run Behavior\ReadHtmlCacheBehavior [ RunTime:0.001000s ]
INFO: Run Behavior\CheckLangBehavior [ RunTime:0.001000s ]
INFO: [ app_begin ] --END-- [ RunTime:0.003000s ]
SQL: SELECT * FROM `ztp_config`  [ RunTime:0.0010s ]
SQL: SHOW COLUMNS FROM `ztp_auth_group_access` [ RunTime:0.0160s ]
SQL: SELECT `uid`,`group_id`,`title`,`rules` FROM ztp_auth_group_access a INNER JOIN ztp_auth_group g on a.group_id=g.id  WHERE ( a.uid='1' and g.status='1' )  [ RunTime:0.0000s ]
SQL: SHOW COLUMNS FROM `ztp_auth_rule` [ RunTime:0.0160s ]
SQL: SELECT `condition`,`name` FROM `ztp_auth_rule` WHERE `id` IN ('6','96','20','1','2','3','4','5','64','2026','2027','2028','2157','2158','2159','2160','2163','2166','2214','2215','2216','21','7','8','9','10','11','12','13','14','15','16','19','2074','2153','2154','2155','153','154','2003','2006','2007','2008','2075','2009','2010','2011','2014','2015','2029','2111','2118','2122','2147','2184','2185','2189','2190','2202','2182','2221','2222','2223','2224','2225','2226','2227','2018','2020','2022','2023','2024','2025','2145','2151','2152','2186','2057','2060','2062','2179','2138','2139','2140','2141','2193','2218','2219','2220','2142','2143','2144','2191','2187','2197','2198','2199','2200','2201','2217','2203') AND `type` = 1 AND `status` = 1  [ RunTime:0.0020s ]
SQL: SELECT * FROM `ztp_config` WHERE `key` = 'project_money_count' LIMIT 1   [ RunTime:0.0010s ]
SQL: SELECT * FROM `ztp_config` WHERE `key` = 'project_money_count_day' LIMIT 1   [ RunTime:0.0010s ]
SQL: SELECT * FROM `ztp_project_user_auto` WHERE `status` = 0  [ RunTime:0.0010s ]
NOTIC: [8] Undefined variable: gufen_zong D:\WWW\fys\App\Admin\Controller\AdminBaseController.class.php 第 25 行.
SQL: SELECT * FROM `ztp_config` WHERE `key` = 'bili_fenhong_day' LIMIT 1   [ RunTime:0.0010s ]
NOTIC: [2] Division by zero D:\WWW\fys\App\Admin\Controller\AdminBaseController.class.php 第 29 行.
NOTIC: [8] Undefined variable: where D:\WWW\fys\App\Admin\Controller\UserController.class.php 第 605 行.
SQL: SELECT COUNT(*) AS tp_count FROM `ztp_project_user` LIMIT 1   [ RunTime:0.0010s ]
NOTIC: [8] Undefined variable: where D:\WWW\fys\App\Admin\Controller\UserController.class.php 第 611 行.
SQL: SELECT * FROM `ztp_project_user` ORDER BY id desc LIMIT 0,25   [ RunTime:0.0020s ]
SQL: SELECT * FROM `ztp_user` WHERE `uid` = 391 AND `status` <> -404 LIMIT 1   [ RunTime:0.0020s ]
SQL: SELECT * FROM `ztp_user` WHERE `uid` = 391 AND `status` <> -404 LIMIT 1   [ RunTime:0.0010s ]
SQL: SELECT * FROM `ztp_user` WHERE `uid` = 390 AND `status` <> -404 LIMIT 1   [ RunTime:0.0010s ]
SQL: SELECT * FROM `ztp_user` WHERE `uid` = 390 AND `status` <> -404 LIMIT 1   [ RunTime:0.0000s ]
INFO: [ view_parse ] --START--
INFO: [ template_filter ] --START--
INFO: Run Behavior\ContentReplaceBehavior [ RunTime:0.000000s ]
INFO: [ template_filter ] --END-- [ RunTime:0.000000s ]
NOTIC: [8] Undefined index: username D:\WWW\fys\App\Runtime\Cache\Admin\cbea8730bf8090d44f9478723d088c05.php 第 31 行.
INFO: Run Behavior\ParseTemplateBehavior [ RunTime:0.023001s ]
INFO: [ view_parse ] --END-- [ RunTime:0.023001s ]
INFO: [ view_filter ] --START--
INFO: Run Behavior\WriteHtmlCacheBehavior [ RunTime:0.001000s ]
INFO: [ view_filter ] --END-- [ RunTime:0.001000s ]
INFO: [ app_end ] --START--
INFO: Run Behavior\ShowPageTraceBehavior [ RunTime:0.001000s ]
INFO: [ app_end ] --END-- [ RunTime:0.001000s ]

[ 2018-03-31T15:20:23+08:00 ] 127.0.0.1 /admin/User/baodan.html
INFO: [ app_init ] --START--
INFO: Run Behavior\BuildLiteBehavior [ RunTime:0.000000s ]
INFO: [ app_init ] --END-- [ RunTime:0.000000s ]
INFO: [ app_begin ] --START--
INFO: Run Behavior\ReadHtmlCacheBehavior [ RunTime:0.001000s ]
INFO: Run Behavior\CheckLangBehavior [ RunTime:0.000000s ]
INFO: [ app_begin ] --END-- [ RunTime:0.002001s ]
SQL: SELECT * FROM `ztp_config`  [ RunTime:0.0010s ]
SQL: SHOW COLUMNS FROM `ztp_auth_group_access` [ RunTime:0.0160s ]
SQL: SELECT `uid`,`group_id`,`title`,`rules` FROM ztp_auth_group_access a INNER JOIN ztp_auth_group g on a.group_id=g.id  WHERE ( a.uid='1' and g.status='1' )  [ RunTime:0.0010s ]
SQL: SHOW COLUMNS FROM `ztp_auth_rule` [ RunTime:0.0170s ]
SQL: SELECT `condition`,`name` FROM `ztp_auth_rule` WHERE `id` IN ('6','96','20','1','2','3','4','5','64','2026','2027','2028','2157','2158','2159','2160','2163','2166','2214','2215','2216','21','7','8','9','10','11','12','13','14','15','16','19','2074','2153','2154','2155','153','154','2003','2006','2007','2008','2075','2009','2010','2011','2014','2015','2029','2111','2118','2122','2147','2184','2185','2189','2190','2202','2182','2221','2222','2223','2224','2225','2226','2227','2018','2020','2022','2023','2024','2025','2145','2151','2152','2186','2057','2060','2062','2179','2138','2139','2140','2141','2193','2218','2219','2220','2142','2143','2144','2191','2187','2197','2198','2199','2200','2201','2217','2203') AND `type` = 1 AND `status` = 1  [ RunTime:0.0020s ]
SQL: SELECT * FROM `ztp_config` WHERE `key` = 'project_money_count' LIMIT 1   [ RunTime:0.0010s ]
SQL: SELECT * FROM `ztp_config` WHERE `key` = 'project_money_count_day' LIMIT 1   [ RunTime:0.0010s ]
SQL: SELECT * FROM `ztp_project_user_auto` WHERE `status` = 0  [ RunTime:0.0010s ]
NOTIC: [8] Undefined variable: gufen_zong D:\WWW\fys\App\Admin\Controller\AdminBaseController.class.php 第 25 行.
SQL: SELECT * FROM `ztp_config` WHERE `key` = 'bili_fenhong_day' LIMIT 1   [ RunTime:0.0010s ]
NOTIC: [2] Division by zero D:\WWW\fys\App\Admin\Controller\AdminBaseController.class.php 第 29 行.
NOTIC: [8] Undefined variable: where D:\WWW\fys\App\Admin\Controller\UserController.class.php 第 605 行.
SQL: SELECT COUNT(*) AS tp_count FROM `ztp_project_user` LIMIT 1   [ RunTime:0.0010s ]
NOTIC: [8] Undefined variable: where D:\WWW\fys\App\Admin\Controller\UserController.class.php 第 611 行.
SQL: SELECT * FROM `ztp_project_user` ORDER BY id desc LIMIT 0,25   [ RunTime:0.0010s ]
SQL: SELECT * FROM `ztp_user` WHERE `uid` = 391 AND `status` <> -404 LIMIT 1   [ RunTime:0.0010s ]
SQL: SELECT * FROM `ztp_user` WHERE `uid` = 391 AND `status` <> -404 LIMIT 1   [ RunTime:0.0010s ]
SQL: SELECT * FROM `ztp_user` WHERE `uid` = 390 AND `status` <> -404 LIMIT 1   [ RunTime:0.0010s ]
SQL: SELECT * FROM `ztp_user` WHERE `uid` = 390 AND `status` <> -404 LIMIT 1   [ RunTime:0.0010s ]
INFO: [ view_parse ] --START--
INFO: [ template_filter ] --START--
INFO: Run Behavior\ContentReplaceBehavior [ RunTime:0.000000s ]
INFO: [ template_filter ] --END-- [ RunTime:0.000000s ]
NOTIC: [8] Undefined index: username D:\WWW\fys\App\Runtime\Cache\Admin\cbea8730bf8090d44f9478723d088c05.php 第 31 行.
INFO: Run Behavior\ParseTemplateBehavior [ RunTime:0.021002s ]
INFO: [ view_parse ] --END-- [ RunTime:0.021002s ]
INFO: [ view_filter ] --START--
INFO: Run Behavior\WriteHtmlCacheBehavior [ RunTime:0.001000s ]
INFO: [ view_filter ] --END-- [ RunTime:0.001000s ]
INFO: [ app_end ] --START--
INFO: Run Behavior\ShowPageTraceBehavior [ RunTime:0.001000s ]
INFO: [ app_end ] --END-- [ RunTime:0.001000s ]

[ 2018-03-31T15:20:27+08:00 ] 127.0.0.1 /admin/Coin/findPingzheng/project_id/874.html
INFO: [ app_init ] --START--
INFO: Run Behavior\BuildLiteBehavior [ RunTime:0.000000s ]
INFO: [ app_init ] --END-- [ RunTime:0.002000s ]
INFO: [ app_begin ] --START--
INFO: Run Behavior\ReadHtmlCacheBehavior [ RunTime:0.001000s ]
INFO: Run Behavior\CheckLangBehavior [ RunTime:0.001000s ]
INFO: [ app_begin ] --END-- [ RunTime:0.002000s ]
SQL: SELECT * FROM `ztp_config`  [ RunTime:0.0020s ]
SQL: SHOW COLUMNS FROM `ztp_auth_group_access` [ RunTime:0.0230s ]
SQL: SELECT `uid`,`group_id`,`title`,`rules` FROM ztp_auth_group_access a INNER JOIN ztp_auth_group g on a.group_id=g.id  WHERE ( a.uid='1' and g.status='1' )  [ RunTime:0.0020s ]
SQL: SHOW COLUMNS FROM `ztp_auth_rule` [ RunTime:0.0240s ]
SQL: SELECT `condition`,`name` FROM `ztp_auth_rule` WHERE `id` IN ('6','96','20','1','2','3','4','5','64','2026','2027','2028','2157','2158','2159','2160','2163','2166','2214','2215','2216','21','7','8','9','10','11','12','13','14','15','16','19','2074','2153','2154','2155','153','154','2003','2006','2007','2008','2075','2009','2010','2011','2014','2015','2029','2111','2118','2122','2147','2184','2185','2189','2190','2202','2182','2221','2222','2223','2224','2225','2226','2227','2018','2020','2022','2023','2024','2025','2145','2151','2152','2186','2057','2060','2062','2179','2138','2139','2140','2141','2193','2218','2219','2220','2142','2143','2144','2191','2187','2197','2198','2199','2200','2201','2217','2203') AND `type` = 1 AND `status` = 1  [ RunTime:0.0040s ]
SQL: SELECT * FROM `ztp_config` WHERE `key` = 'project_money_count' LIMIT 1   [ RunTime:0.0030s ]
SQL: SELECT * FROM `ztp_config` WHERE `key` = 'project_money_count_day' LIMIT 1   [ RunTime:0.0010s ]
SQL: SELECT * FROM `ztp_project_user_auto` WHERE `status` = 0  [ RunTime:0.0020s ]
NOTIC: [8] Undefined variable: gufen_zong D:\WWW\fys\App\Admin\Controller\AdminBaseController.class.php 第 25 行.
SQL: SELECT * FROM `ztp_config` WHERE `key` = 'bili_fenhong_day' LIMIT 1   [ RunTime:0.0020s ]
NOTIC: [2] Division by zero D:\WWW\fys\App\Admin\Controller\AdminBaseController.class.php 第 29 行.
SQL: SHOW COLUMNS FROM `ztp_project_user_pic` [ RunTime:0.0220s ]
SQL: SELECT * FROM `ztp_project_user_pic` WHERE `project_id` = 874  [ RunTime:0.0010s ]
INFO: [ view_parse ] --START--
INFO: [ template_filter ] --START--
INFO: Run Behavior\ContentReplaceBehavior [ RunTime:0.000000s ]
INFO: [ template_filter ] --END-- [ RunTime:0.001000s ]
INFO: Run Behavior\ParseTemplateBehavior [ RunTime:0.023002s ]
INFO: [ view_parse ] --END-- [ RunTime:0.024002s ]
INFO: [ view_filter ] --START--
INFO: Run Behavior\WriteHtmlCacheBehavior [ RunTime:0.001000s ]
INFO: [ view_filter ] --END-- [ RunTime:0.001000s ]
INFO: [ app_end ] --START--
INFO: Run Behavior\ShowPageTraceBehavior [ RunTime:0.002000s ]
INFO: [ app_end ] --END-- [ RunTime:0.002000s ]

[ 2018-03-31T15:21:28+08:00 ] 127.0.0.1 /admin/User/baodan.html
INFO: [ app_init ] --START--
INFO: Run Behavior\BuildLiteBehavior [ RunTime:0.000000s ]
INFO: [ app_init ] --END-- [ RunTime:0.001000s ]
INFO: [ app_begin ] --START--
INFO: Run Behavior\ReadHtmlCacheBehavior [ RunTime:0.001000s ]
INFO: Run Behavior\CheckLangBehavior [ RunTime:0.000000s ]
INFO: [ app_begin ] --END-- [ RunTime:0.001000s ]
SQL: SELECT * FROM `ztp_config`  [ RunTime:0.0010s ]
SQL: SHOW COLUMNS FROM `ztp_auth_group_access` [ RunTime:0.0170s ]
SQL: SELECT `uid`,`group_id`,`title`,`rules` FROM ztp_auth_group_access a INNER JOIN ztp_auth_group g on a.group_id=g.id  WHERE ( a.uid='1' and g.status='1' )  [ RunTime:0.0010s ]
SQL: SHOW COLUMNS FROM `ztp_auth_rule` [ RunTime:0.0160s ]
SQL: SELECT `condition`,`name` FROM `ztp_auth_rule` WHERE `id` IN ('6','96','20','1','2','3','4','5','64','2026','2027','2028','2157','2158','2159','2160','2163','2166','2214','2215','2216','21','7','8','9','10','11','12','13','14','15','16','19','2074','2153','2154','2155','153','154','2003','2006','2007','2008','2075','2009','2010','2011','2014','2015','2029','2111','2118','2122','2147','2184','2185','2189','2190','2202','2182','2221','2222','2223','2224','2225','2226','2227','2018','2020','2022','2023','2024','2025','2145','2151','2152','2186','2057','2060','2062','2179','2138','2139','2140','2141','2193','2218','2219','2220','2142','2143','2144','2191','2187','2197','2198','2199','2200','2201','2217','2203') AND `type` = 1 AND `status` = 1  [ RunTime:0.0030s ]
SQL: SELECT * FROM `ztp_config` WHERE `key` = 'project_money_count' LIMIT 1   [ RunTime:0.0020s ]
SQL: SELECT * FROM `ztp_config` WHERE `key` = 'project_money_count_day' LIMIT 1   [ RunTime:0.0010s ]
SQL: SELECT * FROM `ztp_project_user_auto` WHERE `status` = 0  [ RunTime:0.0010s ]
NOTIC: [8] Undefined variable: gufen_zong D:\WWW\fys\App\Admin\Controller\AdminBaseController.class.php 第 25 行.
SQL: SELECT * FROM `ztp_config` WHERE `key` = 'bili_fenhong_day' LIMIT 1   [ RunTime:0.0010s ]
NOTIC: [2] Division by zero D:\WWW\fys\App\Admin\Controller\AdminBaseController.class.php 第 29 行.
NOTIC: [8] Undefined variable: where D:\WWW\fys\App\Admin\Controller\UserController.class.php 第 605 行.
SQL: SELECT COUNT(*) AS tp_count FROM `ztp_project_user` LIMIT 1   [ RunTime:0.0010s ]
NOTIC: [8] Undefined variable: where D:\WWW\fys\App\Admin\Controller\UserController.class.php 第 611 行.
SQL: SELECT * FROM `ztp_project_user` ORDER BY id desc LIMIT 0,25   [ RunTime:0.0020s ]
SQL: SELECT * FROM `ztp_user` WHERE `uid` = 391 AND `status` <> -404 LIMIT 1   [ RunTime:0.0010s ]
SQL: SELECT * FROM `ztp_user` WHERE `uid` = 391 AND `status` <> -404 LIMIT 1   [ RunTime:0.0000s ]
SQL: SELECT * FROM `ztp_user` WHERE `uid` = 390 AND `status` <> -404 LIMIT 1   [ RunTime:0.0010s ]
SQL: SELECT * FROM `ztp_user` WHERE `uid` = 390 AND `status` <> -404 LIMIT 1   [ RunTime:0.0010s ]
INFO: [ view_parse ] --START--
INFO: [ template_filter ] --START--
INFO: Run Behavior\ContentReplaceBehavior [ RunTime:0.000000s ]
INFO: [ template_filter ] --END-- [ RunTime:0.000000s ]
NOTIC: [8] Undefined index: username D:\WWW\fys\App\Runtime\Cache\Admin\cbea8730bf8090d44f9478723d088c05.php 第 31 行.
INFO: Run Behavior\ParseTemplateBehavior [ RunTime:0.022001s ]
INFO: [ view_parse ] --END-- [ RunTime:0.022001s ]
INFO: [ view_filter ] --START--
INFO: Run Behavior\WriteHtmlCacheBehavior [ RunTime:0.000000s ]
INFO: [ view_filter ] --END-- [ RunTime:0.001000s ]
INFO: [ app_end ] --START--
INFO: Run Behavior\ShowPageTraceBehavior [ RunTime:0.001000s ]
INFO: [ app_end ] --END-- [ RunTime:0.001000s ]

[ 2018-03-31T15:21:31+08:00 ] 127.0.0.1 /admin/Coin/findPingzheng/project_id/873.html
INFO: [ app_init ] --START--
INFO: Run Behavior\BuildLiteBehavior [ RunTime:0.000000s ]
INFO: [ app_init ] --END-- [ RunTime:0.000000s ]
INFO: [ app_begin ] --START--
INFO: Run Behavior\ReadHtmlCacheBehavior [ RunTime:0.001000s ]
INFO: Run Behavior\CheckLangBehavior [ RunTime:0.001000s ]
INFO: [ app_begin ] --END-- [ RunTime:0.002000s ]
SQL: SELECT * FROM `ztp_config`  [ RunTime:0.0010s ]
SQL: SHOW COLUMNS FROM `ztp_auth_group_access` [ RunTime:0.0170s ]
SQL: SELECT `uid`,`group_id`,`title`,`rules` FROM ztp_auth_group_access a INNER JOIN ztp_auth_group g on a.group_id=g.id  WHERE ( a.uid='1' and g.status='1' )  [ RunTime:0.0020s ]
SQL: SHOW COLUMNS FROM `ztp_auth_rule` [ RunTime:0.0280s ]
SQL: SELECT `condition`,`name` FROM `ztp_auth_rule` WHERE `id` IN ('6','96','20','1','2','3','4','5','64','2026','2027','2028','2157','2158','2159','2160','2163','2166','2214','2215','2216','21','7','8','9','10','11','12','13','14','15','16','19','2074','2153','2154','2155','153','154','2003','2006','2007','2008','2075','2009','2010','2011','2014','2015','2029','2111','2118','2122','2147','2184','2185','2189','2190','2202','2182','2221','2222','2223','2224','2225','2226','2227','2018','2020','2022','2023','2024','2025','2145','2151','2152','2186','2057','2060','2062','2179','2138','2139','2140','2141','2193','2218','2219','2220','2142','2143','2144','2191','2187','2197','2198','2199','2200','2201','2217','2203') AND `type` = 1 AND `status` = 1  [ RunTime:0.0040s ]
SQL: SELECT * FROM `ztp_config` WHERE `key` = 'project_money_count' LIMIT 1   [ RunTime:0.0040s ]
SQL: SELECT * FROM `ztp_config` WHERE `key` = 'project_money_count_day' LIMIT 1   [ RunTime:0.0010s ]
SQL: SELECT * FROM `ztp_project_user_auto` WHERE `status` = 0  [ RunTime:0.0020s ]
NOTIC: [8] Undefined variable: gufen_zong D:\WWW\fys\App\Admin\Controller\AdminBaseController.class.php 第 25 行.
SQL: SELECT * FROM `ztp_config` WHERE `key` = 'bili_fenhong_day' LIMIT 1   [ RunTime:0.0020s ]
NOTIC: [2] Division by zero D:\WWW\fys\App\Admin\Controller\AdminBaseController.class.php 第 29 行.
SQL: SELECT * FROM `ztp_project_user_pic` WHERE `project_id` = 873  [ RunTime:0.0020s ]
INFO: [ view_parse ] --START--
INFO: [ template_filter ] --START--
INFO: Run Behavior\ContentReplaceBehavior [ RunTime:0.000000s ]
INFO: [ template_filter ] --END-- [ RunTime:0.000000s ]
INFO: Run Behavior\ParseTemplateBehavior [ RunTime:0.021001s ]
INFO: [ view_parse ] --END-- [ RunTime:0.021001s ]
INFO: [ view_filter ] --START--
INFO: Run Behavior\WriteHtmlCacheBehavior [ RunTime:0.001000s ]
INFO: [ view_filter ] --END-- [ RunTime:0.001000s ]
INFO: [ app_end ] --START--
INFO: Run Behavior\ShowPageTraceBehavior [ RunTime:0.001000s ]
INFO: [ app_end ] --END-- [ RunTime:0.001000s ]

[ 2018-03-31T15:21:36+08:00 ] 127.0.0.1 /admin/User/baodan.html
INFO: [ app_init ] --START--
INFO: Run Behavior\BuildLiteBehavior [ RunTime:0.000000s ]
INFO: [ app_init ] --END-- [ RunTime:0.001000s ]
INFO: [ app_begin ] --START--
INFO: Run Behavior\ReadHtmlCacheBehavior [ RunTime:0.001000s ]
INFO: Run Behavior\CheckLangBehavior [ RunTime:0.001000s ]
INFO: [ app_begin ] --END-- [ RunTime:0.002000s ]
SQL: SELECT * FROM `ztp_config`  [ RunTime:0.0010s ]
SQL: SHOW COLUMNS FROM `ztp_auth_group_access` [ RunTime:0.0160s ]
SQL: SELECT `uid`,`group_id`,`title`,`rules` FROM ztp_auth_group_access a INNER JOIN ztp_auth_group g on a.group_id=g.id  WHERE ( a.uid='1' and g.status='1' )  [ RunTime:0.0020s ]
SQL: SHOW COLUMNS FROM `ztp_auth_rule` [ RunTime:0.0170s ]
SQL: SELECT `condition`,`name` FROM `ztp_auth_rule` WHERE `id` IN ('6','96','20','1','2','3','4','5','64','2026','2027','2028','2157','2158','2159','2160','2163','2166','2214','2215','2216','21','7','8','9','10','11','12','13','14','15','16','19','2074','2153','2154','2155','153','154','2003','2006','2007','2008','2075','2009','2010','2011','2014','2015','2029','2111','2118','2122','2147','2184','2185','2189','2190','2202','2182','2221','2222','2223','2224','2225','2226','2227','2018','2020','2022','2023','2024','2025','2145','2151','2152','2186','2057','2060','2062','2179','2138','2139','2140','2141','2193','2218','2219','2220','2142','2143','2144','2191','2187','2197','2198','2199','2200','2201','2217','2203') AND `type` = 1 AND `status` = 1  [ RunTime:0.0010s ]
SQL: SELECT * FROM `ztp_config` WHERE `key` = 'project_money_count' LIMIT 1   [ RunTime:0.0010s ]
SQL: SELECT * FROM `ztp_config` WHERE `key` = 'project_money_count_day' LIMIT 1   [ RunTime:0.0010s ]
SQL: SELECT * FROM `ztp_project_user_auto` WHERE `status` = 0  [ RunTime:0.0010s ]
NOTIC: [8] Undefined variable: gufen_zong D:\WWW\fys\App\Admin\Controller\AdminBaseController.class.php 第 25 行.
SQL: SELECT * FROM `ztp_config` WHERE `key` = 'bili_fenhong_day' LIMIT 1   [ RunTime:0.0000s ]
NOTIC: [2] Division by zero D:\WWW\fys\App\Admin\Controller\AdminBaseController.class.php 第 29 行.
NOTIC: [8] Undefined variable: where D:\WWW\fys\App\Admin\Controller\UserController.class.php 第 605 行.
SQL: SELECT COUNT(*) AS tp_count FROM `ztp_project_user` LIMIT 1   [ RunTime:0.0010s ]
NOTIC: [8] Undefined variable: where D:\WWW\fys\App\Admin\Controller\UserController.class.php 第 611 行.
SQL: SELECT * FROM `ztp_project_user` ORDER BY id desc LIMIT 0,25   [ RunTime:0.0010s ]
SQL: SELECT * FROM `ztp_user` WHERE `uid` = 391 AND `status` <> -404 LIMIT 1   [ RunTime:0.0020s ]
SQL: SELECT * FROM `ztp_user` WHERE `uid` = 391 AND `status` <> -404 LIMIT 1   [ RunTime:0.0010s ]
SQL: SELECT * FROM `ztp_user` WHERE `uid` = 390 AND `status` <> -404 LIMIT 1   [ RunTime:0.0010s ]
SQL: SELECT * FROM `ztp_user` WHERE `uid` = 390 AND `status` <> -404 LIMIT 1   [ RunTime:0.0010s ]
INFO: [ view_parse ] --START--
INFO: [ template_filter ] --START--
INFO: Run Behavior\ContentReplaceBehavior [ RunTime:0.000000s ]
INFO: [ template_filter ] --END-- [ RunTime:0.000000s ]
NOTIC: [8] Undefined index: username D:\WWW\fys\App\Runtime\Cache\Admin\cbea8730bf8090d44f9478723d088c05.php 第 31 行.
INFO: Run Behavior\ParseTemplateBehavior [ RunTime:0.024001s ]
INFO: [ view_parse ] --END-- [ RunTime:0.024001s ]
INFO: [ view_filter ] --START--
INFO: Run Behavior\WriteHtmlCacheBehavior [ RunTime:0.001000s ]
INFO: [ view_filter ] --END-- [ RunTime:0.001000s ]
INFO: [ app_end ] --START--
INFO: Run Behavior\ShowPageTraceBehavior [ RunTime:0.001000s ]
INFO: [ app_end ] --END-- [ RunTime:0.001000s ]

[ 2018-03-31T17:36:49+08:00 ] 127.0.0.1 /admin/Coin/findPingzheng/project_id/874.html
INFO: [ app_init ] --START--
INFO: Run Behavior\BuildLiteBehavior [ RunTime:0.000000s ]
INFO: [ app_init ] --END-- [ RunTime:0.001000s ]
INFO: [ app_begin ] --START--
INFO: Run Behavior\ReadHtmlCacheBehavior [ RunTime:0.002000s ]
INFO: Run Behavior\CheckLangBehavior [ RunTime:0.002000s ]
INFO: [ app_begin ] --END-- [ RunTime:0.005000s ]
SQL: SELECT * FROM `ztp_config`  [ RunTime:0.0700s ]

[ 2018-03-31T17:36:49+08:00 ] 127.0.0.1 /admin/Login/showLogin.html
INFO: [ app_init ] --START--
INFO: Run Behavior\BuildLiteBehavior [ RunTime:0.000000s ]
INFO: [ app_init ] --END-- [ RunTime:0.001000s ]
INFO: [ app_begin ] --START--
INFO: Run Behavior\ReadHtmlCacheBehavior [ RunTime:0.001000s ]
INFO: Run Behavior\CheckLangBehavior [ RunTime:0.002000s ]
INFO: [ app_begin ] --END-- [ RunTime:0.003000s ]
SQL: SELECT * FROM `ztp_config`  [ RunTime:0.0010s ]
INFO: [ view_parse ] --START--
INFO: [ template_filter ] --START--
INFO: Run Behavior\ContentReplaceBehavior [ RunTime:0.000000s ]
INFO: [ template_filter ] --END-- [ RunTime:0.000000s ]
INFO: Run Behavior\ParseTemplateBehavior [ RunTime:0.097005s ]
INFO: [ view_parse ] --END-- [ RunTime:0.097005s ]
INFO: [ view_filter ] --START--
INFO: Run Behavior\WriteHtmlCacheBehavior [ RunTime:0.011001s ]
INFO: [ view_filter ] --END-- [ RunTime:0.011001s ]
INFO: [ app_end ] --START--
INFO: Run Behavior\ShowPageTraceBehavior [ RunTime:0.010000s ]
INFO: [ app_end ] --END-- [ RunTime:0.011000s ]

[ 2018-03-31T17:36:50+08:00 ] 127.0.0.1 /admin/Login/verify.html
INFO: [ app_init ] --START--
INFO: Run Behavior\BuildLiteBehavior [ RunTime:0.000000s ]
INFO: [ app_init ] --END-- [ RunTime:0.001000s ]
INFO: [ app_begin ] --START--
INFO: Run Behavior\ReadHtmlCacheBehavior [ RunTime:0.002000s ]
INFO: Run Behavior\CheckLangBehavior [ RunTime:0.003001s ]
INFO: [ app_begin ] --END-- [ RunTime:0.005001s ]
SQL: SELECT * FROM `ztp_config`  [ RunTime:0.0030s ]
INFO: [ app_end ] --START--
INFO: Run Behavior\ShowPageTraceBehavior [ RunTime:0.002000s ]
INFO: [ app_end ] --END-- [ RunTime:0.002000s ]

[ 2018-03-31T17:36:57+08:00 ] 127.0.0.1 /admin/Login/showLogin.html
INFO: [ app_init ] --START--
INFO: Run Behavior\BuildLiteBehavior [ RunTime:0.000000s ]
INFO: [ app_init ] --END-- [ RunTime:0.001000s ]
INFO: [ app_begin ] --START--
INFO: Run Behavior\ReadHtmlCacheBehavior [ RunTime:0.001000s ]
INFO: Run Behavior\CheckLangBehavior [ RunTime:0.001000s ]
INFO: [ app_begin ] --END-- [ RunTime:0.002000s ]
SQL: SELECT * FROM `ztp_config`  [ RunTime:0.0010s ]
SQL: SHOW COLUMNS FROM `ztp_admin_user` [ RunTime:0.1780s ]
SQL: SELECT * FROM `ztp_admin_user` WHERE `username` = 'admin' LIMIT 1   [ RunTime:0.1140s ]

[ 2018-03-31T17:36:58+08:00 ] 127.0.0.1 /admin/Index/index.html
INFO: [ app_init ] --START--
INFO: Run Behavior\BuildLiteBehavior [ RunTime:0.000000s ]
INFO: [ app_init ] --END-- [ RunTime:0.000000s ]
INFO: [ app_begin ] --START--
INFO: Run Behavior\ReadHtmlCacheBehavior [ RunTime:0.001000s ]
INFO: Run Behavior\CheckLangBehavior [ RunTime:0.001000s ]
INFO: [ app_begin ] --END-- [ RunTime:0.002000s ]
SQL: SELECT * FROM `ztp_config`  [ RunTime:0.0010s ]
SQL: SHOW COLUMNS FROM `ztp_auth_group_access` [ RunTime:0.0750s ]
SQL: SELECT `uid`,`group_id`,`title`,`rules` FROM ztp_auth_group_access a INNER JOIN ztp_auth_group g on a.group_id=g.id  WHERE ( a.uid='1' and g.status='1' )  [ RunTime:0.0410s ]
SQL: SHOW COLUMNS FROM `ztp_auth_rule` [ RunTime:0.0240s ]
SQL: SELECT `condition`,`name` FROM `ztp_auth_rule` WHERE `id` IN ('6','96','20','1','2','3','4','5','64','2026','2027','2028','2157','2158','2159','2160','2163','2166','2214','2215','2216','21','7','8','9','10','11','12','13','14','15','16','19','2074','2153','2154','2155','153','154','2003','2006','2007','2008','2075','2009','2010','2011','2014','2015','2029','2111','2118','2122','2147','2184','2185','2189','2190','2202','2182','2221','2222','2223','2224','2225','2226','2227','2018','2020','2022','2023','2024','2025','2145','2151','2152','2186','2057','2060','2062','2179','2138','2139','2140','2141','2193','2218','2219','2220','2142','2143','2144','2191','2187','2197','2198','2199','2200','2201','2217','2203') AND `type` = 1 AND `status` = 1  [ RunTime:0.0170s ]
SQL: SELECT * FROM `ztp_config` WHERE `key` = 'project_money_count' LIMIT 1   [ RunTime:0.0020s ]
SQL: SELECT * FROM `ztp_config` WHERE `key` = 'project_money_count_day' LIMIT 1   [ RunTime:0.0010s ]
SQL: SELECT * FROM `ztp_project_user_auto` WHERE `status` = 0  [ RunTime:0.0330s ]
NOTIC: [8] Undefined variable: gufen_zong D:\WWW\fys\App\Admin\Controller\AdminBaseController.class.php 第 25 行.
SQL: SELECT * FROM `ztp_config` WHERE `key` = 'bili_fenhong_day' LIMIT 1   [ RunTime:0.0010s ]
NOTIC: [2] Division by zero D:\WWW\fys\App\Admin\Controller\AdminBaseController.class.php 第 29 行.
NOTIC: [2048] Declaration of Admin\Model\AdminNavModel::getTreeData() should be compatible with Admin\Model\BaseModel::getTreeData($type = 'tree', $order = '', $name = 'name', $child = 'id', $parent = 'pid') D:\WWW\fys\App\Admin\Model\AdminNavModel.class.php 第 7 行.
SQL: SHOW COLUMNS FROM `ztp_admin_nav` [ RunTime:0.0430s ]
SQL: SELECT * FROM `ztp_admin_nav` ORDER BY order_number is null,order_number,id  [ RunTime:0.0020s ]
INFO: [ view_parse ] --START--
INFO: [ template_filter ] --START--
INFO: Run Behavior\ContentReplaceBehavior [ RunTime:0.000000s ]
INFO: [ template_filter ] --END-- [ RunTime:0.000000s ]
INFO: Run Behavior\ParseTemplateBehavior [ RunTime:0.053003s ]
INFO: [ view_parse ] --END-- [ RunTime:0.053003s ]
INFO: [ view_filter ] --START--
INFO: Run Behavior\WriteHtmlCacheBehavior [ RunTime:0.001000s ]
INFO: [ view_filter ] --END-- [ RunTime:0.001000s ]
INFO: [ app_end ] --START--
INFO: Run Behavior\ShowPageTraceBehavior [ RunTime:0.001000s ]
INFO: [ app_end ] --END-- [ RunTime:0.001000s ]

[ 2018-03-31T17:36:58+08:00 ] 127.0.0.1 /admin/Index/welcome.html
INFO: [ app_init ] --START--
INFO: Run Behavior\BuildLiteBehavior [ RunTime:0.000000s ]
INFO: [ app_init ] --END-- [ RunTime:0.001000s ]
INFO: [ app_begin ] --START--
INFO: Run Behavior\ReadHtmlCacheBehavior [ RunTime:0.001000s ]
INFO: Run Behavior\CheckLangBehavior [ RunTime:0.001000s ]
INFO: [ app_begin ] --END-- [ RunTime:0.002000s ]
SQL: SELECT * FROM `ztp_config`  [ RunTime:0.0020s ]
SQL: SHOW COLUMNS FROM `ztp_auth_group_access` [ RunTime:0.0220s ]
SQL: SELECT `uid`,`group_id`,`title`,`rules` FROM ztp_auth_group_access a INNER JOIN ztp_auth_group g on a.group_id=g.id  WHERE ( a.uid='1' and g.status='1' )  [ RunTime:0.0020s ]
SQL: SHOW COLUMNS FROM `ztp_auth_rule` [ RunTime:0.0250s ]
SQL: SELECT `condition`,`name` FROM `ztp_auth_rule` WHERE `id` IN ('6','96','20','1','2','3','4','5','64','2026','2027','2028','2157','2158','2159','2160','2163','2166','2214','2215','2216','21','7','8','9','10','11','12','13','14','15','16','19','2074','2153','2154','2155','153','154','2003','2006','2007','2008','2075','2009','2010','2011','2014','2015','2029','2111','2118','2122','2147','2184','2185','2189','2190','2202','2182','2221','2222','2223','2224','2225','2226','2227','2018','2020','2022','2023','2024','2025','2145','2151','2152','2186','2057','2060','2062','2179','2138','2139','2140','2141','2193','2218','2219','2220','2142','2143','2144','2191','2187','2197','2198','2199','2200','2201','2217','2203') AND `type` = 1 AND `status` = 1  [ RunTime:0.0040s ]
SQL: SELECT * FROM `ztp_config` WHERE `key` = 'project_money_count' LIMIT 1   [ RunTime:0.0040s ]
SQL: SELECT * FROM `ztp_config` WHERE `key` = 'project_money_count_day' LIMIT 1   [ RunTime:0.0030s ]
SQL: SELECT * FROM `ztp_project_user_auto` WHERE `status` = 0  [ RunTime:0.0030s ]
NOTIC: [8] Undefined variable: gufen_zong D:\WWW\fys\App\Admin\Controller\AdminBaseController.class.php 第 25 行.
SQL: SELECT * FROM `ztp_config` WHERE `key` = 'bili_fenhong_day' LIMIT 1   [ RunTime:0.0030s ]
NOTIC: [2] Division by zero D:\WWW\fys\App\Admin\Controller\AdminBaseController.class.php 第 29 行.
INFO: [ view_parse ] --START--
INFO: [ template_filter ] --START--
INFO: Run Behavior\ContentReplaceBehavior [ RunTime:0.000000s ]
INFO: [ template_filter ] --END-- [ RunTime:0.000000s ]
NOTIC: [8] Use of undefined constant mysqlnd - assumed 'mysqlnd' D:\WWW\fys\App\Runtime\Cache\Admin\d9e8c752db43d77c05cd2cf54a23d500.php 第 45 行.
NOTIC: [8] Undefined variable: config D:\WWW\fys\App\Runtime\Cache\Admin\d9e8c752db43d77c05cd2cf54a23d500.php 第 65 行.
NOTIC: [8] Undefined variable: page D:\WWW\fys\App\Runtime\Cache\Admin\d9e8c752db43d77c05cd2cf54a23d500.php 第 94 行.
INFO: Run Behavior\ParseTemplateBehavior [ RunTime:0.035002s ]
INFO: [ view_parse ] --END-- [ RunTime:0.035002s ]
INFO: [ view_filter ] --START--
INFO: Run Behavior\WriteHtmlCacheBehavior [ RunTime:0.001000s ]
INFO: [ view_filter ] --END-- [ RunTime:0.001000s ]
INFO: [ app_end ] --START--
INFO: Run Behavior\ShowPageTraceBehavior [ RunTime:0.001000s ]
INFO: [ app_end ] --END-- [ RunTime:0.001000s ]

[ 2018-03-31T17:37:00+08:00 ] 127.0.0.1 /admin/Index/index.html
INFO: [ app_init ] --START--
INFO: Run Behavior\BuildLiteBehavior [ RunTime:0.000000s ]
INFO: [ app_init ] --END-- [ RunTime:0.001000s ]
INFO: [ app_begin ] --START--
INFO: Run Behavior\ReadHtmlCacheBehavior [ RunTime:0.001000s ]
INFO: Run Behavior\CheckLangBehavior [ RunTime:0.001000s ]
INFO: [ app_begin ] --END-- [ RunTime:0.002000s ]
SQL: SELECT * FROM `ztp_config`  [ RunTime:0.0020s ]
SQL: SHOW COLUMNS FROM `ztp_auth_group_access` [ RunTime:0.0180s ]
SQL: SELECT `uid`,`group_id`,`title`,`rules` FROM ztp_auth_group_access a INNER JOIN ztp_auth_group g on a.group_id=g.id  WHERE ( a.uid='1' and g.status='1' )  [ RunTime:0.0010s ]
SQL: SHOW COLUMNS FROM `ztp_auth_rule` [ RunTime:0.0170s ]
SQL: SELECT `condition`,`name` FROM `ztp_auth_rule` WHERE `id` IN ('6','96','20','1','2','3','4','5','64','2026','2027','2028','2157','2158','2159','2160','2163','2166','2214','2215','2216','21','7','8','9','10','11','12','13','14','15','16','19','2074','2153','2154','2155','153','154','2003','2006','2007','2008','2075','2009','2010','2011','2014','2015','2029','2111','2118','2122','2147','2184','2185','2189','2190','2202','2182','2221','2222','2223','2224','2225','2226','2227','2018','2020','2022','2023','2024','2025','2145','2151','2152','2186','2057','2060','2062','2179','2138','2139','2140','2141','2193','2218','2219','2220','2142','2143','2144','2191','2187','2197','2198','2199','2200','2201','2217','2203') AND `type` = 1 AND `status` = 1  [ RunTime:0.0020s ]
SQL: SELECT * FROM `ztp_config` WHERE `key` = 'project_money_count' LIMIT 1   [ RunTime:0.0010s ]
SQL: SELECT * FROM `ztp_config` WHERE `key` = 'project_money_count_day' LIMIT 1   [ RunTime:0.0010s ]
SQL: SELECT * FROM `ztp_project_user_auto` WHERE `status` = 0  [ RunTime:0.0010s ]
NOTIC: [8] Undefined variable: gufen_zong D:\WWW\fys\App\Admin\Controller\AdminBaseController.class.php 第 25 行.
SQL: SELECT * FROM `ztp_config` WHERE `key` = 'bili_fenhong_day' LIMIT 1   [ RunTime:0.0010s ]
NOTIC: [2] Division by zero D:\WWW\fys\App\Admin\Controller\AdminBaseController.class.php 第 29 行.
NOTIC: [2048] Declaration of Admin\Model\AdminNavModel::getTreeData() should be compatible with Admin\Model\BaseModel::getTreeData($type = 'tree', $order = '', $name = 'name', $child = 'id', $parent = 'pid') D:\WWW\fys\App\Admin\Model\AdminNavModel.class.php 第 7 行.
SQL: SELECT * FROM `ztp_admin_nav` ORDER BY order_number is null,order_number,id  [ RunTime:0.0020s ]
INFO: [ view_parse ] --START--
INFO: [ template_filter ] --START--
INFO: Run Behavior\ContentReplaceBehavior [ RunTime:0.001000s ]
INFO: [ template_filter ] --END-- [ RunTime:0.001000s ]
INFO: Run Behavior\ParseTemplateBehavior [ RunTime:0.029002s ]
INFO: [ view_parse ] --END-- [ RunTime:0.029002s ]
INFO: [ view_filter ] --START--
INFO: Run Behavior\WriteHtmlCacheBehavior [ RunTime:0.001000s ]
INFO: [ view_filter ] --END-- [ RunTime:0.001000s ]
INFO: [ app_end ] --START--
INFO: Run Behavior\ShowPageTraceBehavior [ RunTime:0.002000s ]
INFO: [ app_end ] --END-- [ RunTime:0.002000s ]

[ 2018-03-31T17:37:00+08:00 ] 127.0.0.1 /admin/Index/welcome.html
INFO: [ app_init ] --START--
INFO: Run Behavior\BuildLiteBehavior [ RunTime:0.000000s ]
INFO: [ app_init ] --END-- [ RunTime:0.002000s ]
INFO: [ app_begin ] --START--
INFO: Run Behavior\ReadHtmlCacheBehavior [ RunTime:0.001000s ]
INFO: Run Behavior\CheckLangBehavior [ RunTime:0.001000s ]
INFO: [ app_begin ] --END-- [ RunTime:0.002000s ]
SQL: SELECT * FROM `ztp_config`  [ RunTime:0.0030s ]
SQL: SHOW COLUMNS FROM `ztp_auth_group_access` [ RunTime:0.0310s ]
SQL: SELECT `uid`,`group_id`,`title`,`rules` FROM ztp_auth_group_access a INNER JOIN ztp_auth_group g on a.group_id=g.id  WHERE ( a.uid='1' and g.status='1' )  [ RunTime:0.0030s ]
SQL: SHOW COLUMNS FROM `ztp_auth_rule` [ RunTime:0.0230s ]
SQL: SELECT `condition`,`name` FROM `ztp_auth_rule` WHERE `id` IN ('6','96','20','1','2','3','4','5','64','2026','2027','2028','2157','2158','2159','2160','2163','2166','2214','2215','2216','21','7','8','9','10','11','12','13','14','15','16','19','2074','2153','2154','2155','153','154','2003','2006','2007','2008','2075','2009','2010','2011','2014','2015','2029','2111','2118','2122','2147','2184','2185','2189','2190','2202','2182','2221','2222','2223','2224','2225','2226','2227','2018','2020','2022','2023','2024','2025','2145','2151','2152','2186','2057','2060','2062','2179','2138','2139','2140','2141','2193','2218','2219','2220','2142','2143','2144','2191','2187','2197','2198','2199','2200','2201','2217','2203') AND `type` = 1 AND `status` = 1  [ RunTime:0.0030s ]
SQL: SELECT * FROM `ztp_config` WHERE `key` = 'project_money_count' LIMIT 1   [ RunTime:0.0010s ]
SQL: SELECT * FROM `ztp_config` WHERE `key` = 'project_money_count_day' LIMIT 1   [ RunTime:0.0010s ]
SQL: SELECT * FROM `ztp_project_user_auto` WHERE `status` = 0  [ RunTime:0.0010s ]
NOTIC: [8] Undefined variable: gufen_zong D:\WWW\fys\App\Admin\Controller\AdminBaseController.class.php 第 25 行.
SQL: SELECT * FROM `ztp_config` WHERE `key` = 'bili_fenhong_day' LIMIT 1   [ RunTime:0.0020s ]
NOTIC: [2] Division by zero D:\WWW\fys\App\Admin\Controller\AdminBaseController.class.php 第 29 行.
INFO: [ view_parse ] --START--
INFO: [ template_filter ] --START--
INFO: Run Behavior\ContentReplaceBehavior [ RunTime:0.001000s ]
INFO: [ template_filter ] --END-- [ RunTime:0.001000s ]
NOTIC: [8] Use of undefined constant mysqlnd - assumed 'mysqlnd' D:\WWW\fys\App\Runtime\Cache\Admin\d9e8c752db43d77c05cd2cf54a23d500.php 第 45 行.
NOTIC: [8] Undefined variable: config D:\WWW\fys\App\Runtime\Cache\Admin\d9e8c752db43d77c05cd2cf54a23d500.php 第 65 行.
NOTIC: [8] Undefined variable: page D:\WWW\fys\App\Runtime\Cache\Admin\d9e8c752db43d77c05cd2cf54a23d500.php 第 94 行.
INFO: Run Behavior\ParseTemplateBehavior [ RunTime:0.018001s ]
INFO: [ view_parse ] --END-- [ RunTime:0.018001s ]
INFO: [ view_filter ] --START--
INFO: Run Behavior\WriteHtmlCacheBehavior [ RunTime:0.000000s ]
INFO: [ view_filter ] --END-- [ RunTime:0.000000s ]
INFO: [ app_end ] --START--
INFO: Run Behavior\ShowPageTraceBehavior [ RunTime:0.001000s ]
INFO: [ app_end ] --END-- [ RunTime:0.001000s ]

[ 2018-03-31T17:37:02+08:00 ] 127.0.0.1 /admin/User/showUserList.html
INFO: [ app_init ] --START--
INFO: Run Behavior\BuildLiteBehavior [ RunTime:0.000000s ]
INFO: [ app_init ] --END-- [ RunTime:0.001001s ]
INFO: [ app_begin ] --START--
INFO: Run Behavior\ReadHtmlCacheBehavior [ RunTime:0.002000s ]
INFO: Run Behavior\CheckLangBehavior [ RunTime:0.002000s ]
INFO: [ app_begin ] --END-- [ RunTime:0.004000s ]
SQL: SELECT * FROM `ztp_config`  [ RunTime:0.0010s ]
SQL: SHOW COLUMNS FROM `ztp_auth_group_access` [ RunTime:0.0160s ]
SQL: SELECT `uid`,`group_id`,`title`,`rules` FROM ztp_auth_group_access a INNER JOIN ztp_auth_group g on a.group_id=g.id  WHERE ( a.uid='1' and g.status='1' )  [ RunTime:0.0020s ]
SQL: SHOW COLUMNS FROM `ztp_auth_rule` [ RunTime:0.0170s ]
SQL: SELECT `condition`,`name` FROM `ztp_auth_rule` WHERE `id` IN ('6','96','20','1','2','3','4','5','64','2026','2027','2028','2157','2158','2159','2160','2163','2166','2214','2215','2216','21','7','8','9','10','11','12','13','14','15','16','19','2074','2153','2154','2155','153','154','2003','2006','2007','2008','2075','2009','2010','2011','2014','2015','2029','2111','2118','2122','2147','2184','2185','2189','2190','2202','2182','2221','2222','2223','2224','2225','2226','2227','2018','2020','2022','2023','2024','2025','2145','2151','2152','2186','2057','2060','2062','2179','2138','2139','2140','2141','2193','2218','2219','2220','2142','2143','2144','2191','2187','2197','2198','2199','2200','2201','2217','2203') AND `type` = 1 AND `status` = 1  [ RunTime:0.0020s ]
SQL: SELECT * FROM `ztp_config` WHERE `key` = 'project_money_count' LIMIT 1   [ RunTime:0.0020s ]
SQL: SELECT * FROM `ztp_config` WHERE `key` = 'project_money_count_day' LIMIT 1   [ RunTime:0.0010s ]
SQL: SELECT * FROM `ztp_project_user_auto` WHERE `status` = 0  [ RunTime:0.0020s ]
NOTIC: [8] Undefined variable: gufen_zong D:\WWW\fys\App\Admin\Controller\AdminBaseController.class.php 第 25 行.
SQL: SELECT * FROM `ztp_config` WHERE `key` = 'bili_fenhong_day' LIMIT 1   [ RunTime:0.0020s ]
NOTIC: [2] Division by zero D:\WWW\fys\App\Admin\Controller\AdminBaseController.class.php 第 29 行.
SQL: SELECT COUNT(*) AS tp_count FROM `ztp_user` WHERE `username` LIKE '%%' AND `phone` LIKE '%%' AND `status` <> '-2' LIMIT 1   [ RunTime:0.0140s ]
NOTIC: [8] Undefined index: email D:\WWW\fys\App\Admin\Controller\UserController.class.php 第 182 行.
SQL: SELECT * FROM `ztp_user` WHERE `username` LIKE '%%' AND `phone` LIKE '%%' AND `status` <> '-2' ORDER BY uid desc LIMIT 0,25   [ RunTime:0.0020s ]
NOTIC: [8] Undefined index:  D:\WWW\fys\App\Common\Api\FormatApi.class.php 第 55 行.
NOTIC: [8] Undefined index:  D:\WWW\fys\App\Common\Api\FormatApi.class.php 第 55 行.
NOTIC: [8] Undefined index:  D:\WWW\fys\App\Common\Api\FormatApi.class.php 第 55 行.
NOTIC: [8] Undefined index:  D:\WWW\fys\App\Common\Api\FormatApi.class.php 第 55 行.
NOTIC: [8] Undefined index:  D:\WWW\fys\App\Common\Api\FormatApi.class.php 第 55 行.
NOTIC: [8] Undefined index:  D:\WWW\fys\App\Common\Api\FormatApi.class.php 第 55 行.
INFO: [ view_parse ] --START--
INFO: [ template_filter ] --START--
INFO: Run Behavior\ContentReplaceBehavior [ RunTime:0.000000s ]
INFO: [ template_filter ] --END-- [ RunTime:0.000000s ]
NOTIC: [8] Undefined index: username D:\WWW\fys\App\Runtime\Cache\Admin\4295d5db477f3199c8db51638416159f.php 第 37 行.
NOTIC: [8] Undefined index: phone D:\WWW\fys\App\Runtime\Cache\Admin\4295d5db477f3199c8db51638416159f.php 第 40 行.
NOTIC: [8] Undefined index: id D:\WWW\fys\App\Runtime\Cache\Admin\4295d5db477f3199c8db51638416159f.php 第 114 行.
NOTIC: [8] Undefined index: id D:\WWW\fys\App\Runtime\Cache\Admin\4295d5db477f3199c8db51638416159f.php 第 121 行.
NOTIC: [8] Undefined index: id D:\WWW\fys\App\Runtime\Cache\Admin\4295d5db477f3199c8db51638416159f.php 第 124 行.
NOTIC: [8] Undefined index: id D:\WWW\fys\App\Runtime\Cache\Admin\4295d5db477f3199c8db51638416159f.php 第 114 行.
NOTIC: [8] Undefined index: id D:\WWW\fys\App\Runtime\Cache\Admin\4295d5db477f3199c8db51638416159f.php 第 121 行.
NOTIC: [8] Undefined index: id D:\WWW\fys\App\Runtime\Cache\Admin\4295d5db477f3199c8db51638416159f.php 第 124 行.
NOTIC: [8] Undefined index: id D:\WWW\fys\App\Runtime\Cache\Admin\4295d5db477f3199c8db51638416159f.php 第 114 行.
NOTIC: [8] Undefined index: id D:\WWW\fys\App\Runtime\Cache\Admin\4295d5db477f3199c8db51638416159f.php 第 121 行.
NOTIC: [8] Undefined index: id D:\WWW\fys\App\Runtime\Cache\Admin\4295d5db477f3199c8db51638416159f.php 第 124 行.
NOTIC: [8] Undefined index: id D:\WWW\fys\App\Runtime\Cache\Admin\4295d5db477f3199c8db51638416159f.php 第 114 行.
NOTIC: [8] Undefined index: id D:\WWW\fys\App\Runtime\Cache\Admin\4295d5db477f3199c8db51638416159f.php 第 121 行.
NOTIC: [8] Undefined index: id D:\WWW\fys\App\Runtime\Cache\Admin\4295d5db477f3199c8db51638416159f.php 第 124 行.
NOTIC: [8] Undefined index: id D:\WWW\fys\App\Runtime\Cache\Admin\4295d5db477f3199c8db51638416159f.php 第 114 行.
NOTIC: [8] Undefined index: id D:\WWW\fys\App\Runtime\Cache\Admin\4295d5db477f3199c8db51638416159f.php 第 121 行.
NOTIC: [8] Undefined index: id D:\WWW\fys\App\Runtime\Cache\Admin\4295d5db477f3199c8db51638416159f.php 第 124 行.
NOTIC: [8] Undefined index: id D:\WWW\fys\App\Runtime\Cache\Admin\4295d5db477f3199c8db51638416159f.php 第 114 行.
NOTIC: [8] Undefined index: id D:\WWW\fys\App\Runtime\Cache\Admin\4295d5db477f3199c8db51638416159f.php 第 121 行.
NOTIC: [8] Undefined index: id D:\WWW\fys\App\Runtime\Cache\Admin\4295d5db477f3199c8db51638416159f.php 第 124 行.
NOTIC: [8] Undefined index: id D:\WWW\fys\App\Runtime\Cache\Admin\4295d5db477f3199c8db51638416159f.php 第 114 行.
NOTIC: [8] Undefined index: id D:\WWW\fys\App\Runtime\Cache\Admin\4295d5db477f3199c8db51638416159f.php 第 121 行.
NOTIC: [8] Undefined index: id D:\WWW\fys\App\Runtime\Cache\Admin\4295d5db477f3199c8db51638416159f.php 第 124 行.
INFO: Run Behavior\ParseTemplateBehavior [ RunTime:0.053003s ]
INFO: [ view_parse ] --END-- [ RunTime:0.053003s ]
INFO: [ view_filter ] --START--
INFO: Run Behavior\WriteHtmlCacheBehavior [ RunTime:0.000000s ]
INFO: [ view_filter ] --END-- [ RunTime:0.001000s ]
INFO: [ app_end ] --START--
INFO: Run Behavior\ShowPageTraceBehavior [ RunTime:0.001000s ]
INFO: [ app_end ] --END-- [ RunTime:0.001000s ]

[ 2018-03-31T17:37:03+08:00 ] 127.0.0.1 /admin/User/baodan.html
INFO: [ app_init ] --START--
INFO: Run Behavior\BuildLiteBehavior [ RunTime:0.000000s ]
INFO: [ app_init ] --END-- [ RunTime:0.000000s ]
INFO: [ app_begin ] --START--
INFO: Run Behavior\ReadHtmlCacheBehavior [ RunTime:0.000000s ]
INFO: Run Behavior\CheckLangBehavior [ RunTime:0.001000s ]
INFO: [ app_begin ] --END-- [ RunTime:0.001000s ]
SQL: SELECT * FROM `ztp_config`  [ RunTime:0.0010s ]
SQL: SHOW COLUMNS FROM `ztp_auth_group_access` [ RunTime:0.0160s ]
SQL: SELECT `uid`,`group_id`,`title`,`rules` FROM ztp_auth_group_access a INNER JOIN ztp_auth_group g on a.group_id=g.id  WHERE ( a.uid='1' and g.status='1' )  [ RunTime:0.0010s ]
SQL: SHOW COLUMNS FROM `ztp_auth_rule` [ RunTime:0.0170s ]
SQL: SELECT `condition`,`name` FROM `ztp_auth_rule` WHERE `id` IN ('6','96','20','1','2','3','4','5','64','2026','2027','2028','2157','2158','2159','2160','2163','2166','2214','2215','2216','21','7','8','9','10','11','12','13','14','15','16','19','2074','2153','2154','2155','153','154','2003','2006','2007','2008','2075','2009','2010','2011','2014','2015','2029','2111','2118','2122','2147','2184','2185','2189','2190','2202','2182','2221','2222','2223','2224','2225','2226','2227','2018','2020','2022','2023','2024','2025','2145','2151','2152','2186','2057','2060','2062','2179','2138','2139','2140','2141','2193','2218','2219','2220','2142','2143','2144','2191','2187','2197','2198','2199','2200','2201','2217','2203') AND `type` = 1 AND `status` = 1  [ RunTime:0.0020s ]
SQL: SELECT * FROM `ztp_config` WHERE `key` = 'project_money_count' LIMIT 1   [ RunTime:0.0010s ]
SQL: SELECT * FROM `ztp_config` WHERE `key` = 'project_money_count_day' LIMIT 1   [ RunTime:0.0010s ]
SQL: SELECT * FROM `ztp_project_user_auto` WHERE `status` = 0  [ RunTime:0.0020s ]
NOTIC: [8] Undefined variable: gufen_zong D:\WWW\fys\App\Admin\Controller\AdminBaseController.class.php 第 25 行.
SQL: SELECT * FROM `ztp_config` WHERE `key` = 'bili_fenhong_day' LIMIT 1   [ RunTime:0.0020s ]
NOTIC: [2] Division by zero D:\WWW\fys\App\Admin\Controller\AdminBaseController.class.php 第 29 行.
NOTIC: [8] Undefined variable: where D:\WWW\fys\App\Admin\Controller\UserController.class.php 第 606 行.
SQL: SELECT COUNT(*) AS tp_count FROM `ztp_project_user` LIMIT 1   [ RunTime:0.0020s ]
NOTIC: [8] Undefined variable: where D:\WWW\fys\App\Admin\Controller\UserController.class.php 第 612 行.
SQL: SELECT * FROM `ztp_project_user` ORDER BY id desc LIMIT 0,25   [ RunTime:0.0010s ]
SQL: SELECT * FROM `ztp_user` WHERE `uid` = 391 AND `status` <> -404 LIMIT 1   [ RunTime:0.0020s ]
SQL: SELECT * FROM `ztp_user` WHERE `uid` = 391 AND `status` <> -404 LIMIT 1   [ RunTime:0.0010s ]
SQL: SELECT * FROM `ztp_user` WHERE `uid` = 390 AND `status` <> -404 LIMIT 1   [ RunTime:0.0010s ]
SQL: SELECT * FROM `ztp_user` WHERE `uid` = 390 AND `status` <> -404 LIMIT 1   [ RunTime:0.0010s ]
INFO: [ view_parse ] --START--
INFO: [ template_filter ] --START--
INFO: Run Behavior\ContentReplaceBehavior [ RunTime:0.000000s ]
INFO: [ template_filter ] --END-- [ RunTime:0.001000s ]
NOTIC: [8] Undefined index: username D:\WWW\fys\App\Runtime\Cache\Admin\cbea8730bf8090d44f9478723d088c05.php 第 31 行.
NOTIC: [8] Undefined index: baodan_type D:\WWW\fys\App\Runtime\Cache\Admin\cbea8730bf8090d44f9478723d088c05.php 第 60 行.
NOTIC: [8] Undefined index: image D:\WWW\fys\App\Runtime\Cache\Admin\cbea8730bf8090d44f9478723d088c05.php 第 61 行.
NOTIC: [8] Undefined index: baodan_type D:\WWW\fys\App\Runtime\Cache\Admin\cbea8730bf8090d44f9478723d088c05.php 第 60 行.
NOTIC: [8] Undefined index: image D:\WWW\fys\App\Runtime\Cache\Admin\cbea8730bf8090d44f9478723d088c05.php 第 61 行.
INFO: Run Behavior\ParseTemplateBehavior [ RunTime:0.023002s ]
INFO: [ view_parse ] --END-- [ RunTime:0.023002s ]
INFO: [ view_filter ] --START--
INFO: Run Behavior\WriteHtmlCacheBehavior [ RunTime:0.001000s ]
INFO: [ view_filter ] --END-- [ RunTime:0.001000s ]
INFO: [ app_end ] --START--
INFO: Run Behavior\ShowPageTraceBehavior [ RunTime:0.001000s ]
INFO: [ app_end ] --END-- [ RunTime:0.001000s ]

[ 2018-03-31T17:37:08+08:00 ] 127.0.0.1 /admin/User/addOutUser/id/874.html
INFO: [ app_init ] --START--
INFO: Run Behavior\BuildLiteBehavior [ RunTime:0.000000s ]
INFO: [ app_init ] --END-- [ RunTime:0.001000s ]
INFO: [ app_begin ] --START--
INFO: Run Behavior\ReadHtmlCacheBehavior [ RunTime:0.001000s ]
INFO: Run Behavior\CheckLangBehavior [ RunTime:0.001000s ]
INFO: [ app_begin ] --END-- [ RunTime:0.004000s ]
SQL: SELECT * FROM `ztp_config`  [ RunTime:0.0010s ]
SQL: SHOW COLUMNS FROM `ztp_auth_group_access` [ RunTime:0.0240s ]
SQL: SELECT `uid`,`group_id`,`title`,`rules` FROM ztp_auth_group_access a INNER JOIN ztp_auth_group g on a.group_id=g.id  WHERE ( a.uid='1' and g.status='1' )  [ RunTime:0.0020s ]
SQL: SHOW COLUMNS FROM `ztp_auth_rule` [ RunTime:0.0260s ]
SQL: SELECT `condition`,`name` FROM `ztp_auth_rule` WHERE `id` IN ('6','96','20','1','2','3','4','5','64','2026','2027','2028','2157','2158','2159','2160','2163','2166','2214','2215','2216','21','7','8','9','10','11','12','13','14','15','16','19','2074','2153','2154','2155','153','154','2003','2006','2007','2008','2075','2009','2010','2011','2014','2015','2029','2111','2118','2122','2147','2184','2185','2189','2190','2202','2182','2221','2222','2223','2224','2225','2226','2227','2018','2020','2022','2023','2024','2025','2145','2151','2152','2186','2057','2060','2062','2179','2138','2139','2140','2141','2193','2218','2219','2220','2142','2143','2144','2191','2187','2197','2198','2199','2200','2201','2217','2203') AND `type` = 1 AND `status` = 1  [ RunTime:0.0020s ]
SQL: SELECT * FROM `ztp_config` WHERE `key` = 'project_money_count' LIMIT 1   [ RunTime:0.0030s ]
SQL: SELECT * FROM `ztp_config` WHERE `key` = 'project_money_count_day' LIMIT 1   [ RunTime:0.0010s ]
SQL: SELECT * FROM `ztp_project_user_auto` WHERE `status` = 0  [ RunTime:0.0010s ]
NOTIC: [8] Undefined variable: gufen_zong D:\WWW\fys\App\Admin\Controller\AdminBaseController.class.php 第 25 行.
SQL: SELECT * FROM `ztp_config` WHERE `key` = 'bili_fenhong_day' LIMIT 1   [ RunTime:0.0010s ]
NOTIC: [2] Division by zero D:\WWW\fys\App\Admin\Controller\AdminBaseController.class.php 第 29 行.
SQL: SELECT * FROM `ztp_project_user` WHERE `id` = 874 LIMIT 1   [ RunTime:0.0010s ]
SQL: SELECT * FROM `ztp_user` WHERE `uid` = 1 AND `status` <> -404 LIMIT 1   [ RunTime:0.0020s ]
INFO: [ view_parse ] --START--
INFO: [ template_filter ] --START--
INFO: Run Behavior\ContentReplaceBehavior [ RunTime:0.001000s ]
INFO: [ template_filter ] --END-- [ RunTime:0.001000s ]
NOTIC: [8] Undefined variable: geshi D:\WWW\fys\App\Runtime\Cache\Admin\f9d04376911166d2944bd0857de246c1.php 第 5 行.
INFO: Run Behavior\ParseTemplateBehavior [ RunTime:0.041002s ]
INFO: [ view_parse ] --END-- [ RunTime:0.041002s ]
INFO: [ view_filter ] --START--
INFO: Run Behavior\WriteHtmlCacheBehavior [ RunTime:0.001000s ]
INFO: [ view_filter ] --END-- [ RunTime:0.001000s ]
INFO: [ app_end ] --START--
INFO: Run Behavior\ShowPageTraceBehavior [ RunTime:0.001000s ]
INFO: [ app_end ] --END-- [ RunTime:0.002000s ]

[ 2018-03-31T17:38:07+08:00 ] 127.0.0.1 /admin/User/baodan.html
INFO: [ app_init ] --START--
INFO: Run Behavior\BuildLiteBehavior [ RunTime:0.000000s ]
INFO: [ app_init ] --END-- [ RunTime:0.001001s ]
INFO: [ app_begin ] --START--
INFO: Run Behavior\ReadHtmlCacheBehavior [ RunTime:0.001000s ]
INFO: Run Behavior\CheckLangBehavior [ RunTime:0.002000s ]
INFO: [ app_begin ] --END-- [ RunTime:0.003000s ]
SQL: SELECT * FROM `ztp_config`  [ RunTime:0.0010s ]
SQL: SHOW COLUMNS FROM `ztp_auth_group_access` [ RunTime:0.0160s ]
SQL: SELECT `uid`,`group_id`,`title`,`rules` FROM ztp_auth_group_access a INNER JOIN ztp_auth_group g on a.group_id=g.id  WHERE ( a.uid='1' and g.status='1' )  [ RunTime:0.0010s ]
SQL: SHOW COLUMNS FROM `ztp_auth_rule` [ RunTime:0.0180s ]
SQL: SELECT `condition`,`name` FROM `ztp_auth_rule` WHERE `id` IN ('6','96','20','1','2','3','4','5','64','2026','2027','2028','2157','2158','2159','2160','2163','2166','2214','2215','2216','21','7','8','9','10','11','12','13','14','15','16','19','2074','2153','2154','2155','153','154','2003','2006','2007','2008','2075','2009','2010','2011','2014','2015','2029','2111','2118','2122','2147','2184','2185','2189','2190','2202','2182','2221','2222','2223','2224','2225','2226','2227','2018','2020','2022','2023','2024','2025','2145','2151','2152','2186','2057','2060','2062','2179','2138','2139','2140','2141','2193','2218','2219','2220','2142','2143','2144','2191','2187','2197','2198','2199','2200','2201','2217','2203') AND `type` = 1 AND `status` = 1  [ RunTime:0.0020s ]
SQL: SELECT * FROM `ztp_config` WHERE `key` = 'project_money_count' LIMIT 1   [ RunTime:0.0020s ]
SQL: SELECT * FROM `ztp_config` WHERE `key` = 'project_money_count_day' LIMIT 1   [ RunTime:0.0020s ]
SQL: SELECT * FROM `ztp_project_user_auto` WHERE `status` = 0  [ RunTime:0.0020s ]
NOTIC: [8] Undefined variable: gufen_zong D:\WWW\fys\App\Admin\Controller\AdminBaseController.class.php 第 25 行.
SQL: SELECT * FROM `ztp_config` WHERE `key` = 'bili_fenhong_day' LIMIT 1   [ RunTime:0.0010s ]
NOTIC: [2] Division by zero D:\WWW\fys\App\Admin\Controller\AdminBaseController.class.php 第 29 行.
NOTIC: [8] Undefined variable: where D:\WWW\fys\App\Admin\Controller\UserController.class.php 第 606 行.
SQL: SELECT COUNT(*) AS tp_count FROM `ztp_project_user` LIMIT 1   [ RunTime:0.0010s ]
NOTIC: [8] Undefined variable: where D:\WWW\fys\App\Admin\Controller\UserController.class.php 第 612 行.
SQL: SELECT * FROM `ztp_project_user` ORDER BY id desc LIMIT 0,25   [ RunTime:0.0010s ]
SQL: SELECT * FROM `ztp_user` WHERE `uid` = 391 AND `status` <> -404 LIMIT 1   [ RunTime:0.0020s ]
SQL: SELECT * FROM `ztp_user` WHERE `uid` = 391 AND `status` <> -404 LIMIT 1   [ RunTime:0.0010s ]
SQL: SELECT * FROM `ztp_user` WHERE `uid` = 390 AND `status` <> -404 LIMIT 1   [ RunTime:0.0000s ]
SQL: SELECT * FROM `ztp_user` WHERE `uid` = 390 AND `status` <> -404 LIMIT 1   [ RunTime:0.0010s ]
INFO: [ view_parse ] --START--
INFO: [ template_filter ] --START--
INFO: Run Behavior\ContentReplaceBehavior [ RunTime:0.000000s ]
INFO: [ template_filter ] --END-- [ RunTime:0.001000s ]
NOTIC: [8] Undefined index: username D:\WWW\fys\App\Runtime\Cache\Admin\cbea8730bf8090d44f9478723d088c05.php 第 31 行.
NOTIC: [8] Undefined index: baodan_type D:\WWW\fys\App\Runtime\Cache\Admin\cbea8730bf8090d44f9478723d088c05.php 第 60 行.
NOTIC: [8] Undefined index: image D:\WWW\fys\App\Runtime\Cache\Admin\cbea8730bf8090d44f9478723d088c05.php 第 61 行.
NOTIC: [8] Undefined index: baodan_type D:\WWW\fys\App\Runtime\Cache\Admin\cbea8730bf8090d44f9478723d088c05.php 第 60 行.
NOTIC: [8] Undefined index: image D:\WWW\fys\App\Runtime\Cache\Admin\cbea8730bf8090d44f9478723d088c05.php 第 61 行.
INFO: Run Behavior\ParseTemplateBehavior [ RunTime:0.025002s ]
INFO: [ view_parse ] --END-- [ RunTime:0.026002s ]
INFO: [ view_filter ] --START--
INFO: Run Behavior\WriteHtmlCacheBehavior [ RunTime:0.001000s ]
INFO: [ view_filter ] --END-- [ RunTime:0.001000s ]
INFO: [ app_end ] --START--
INFO: Run Behavior\ShowPageTraceBehavior [ RunTime:0.001000s ]
INFO: [ app_end ] --END-- [ RunTime:0.001000s ]

[ 2018-03-31T17:38:10+08:00 ] 127.0.0.1 /admin/User/addOutUser/id/874.html
INFO: [ app_init ] --START--
INFO: Run Behavior\BuildLiteBehavior [ RunTime:0.000000s ]
INFO: [ app_init ] --END-- [ RunTime:0.001000s ]
INFO: [ app_begin ] --START--
INFO: Run Behavior\ReadHtmlCacheBehavior [ RunTime:0.002000s ]
INFO: Run Behavior\CheckLangBehavior [ RunTime:0.001000s ]
INFO: [ app_begin ] --END-- [ RunTime:0.003000s ]
SQL: SELECT * FROM `ztp_config`  [ RunTime:0.0020s ]
SQL: SHOW COLUMNS FROM `ztp_auth_group_access` [ RunTime:0.0240s ]
SQL: SELECT `uid`,`group_id`,`title`,`rules` FROM ztp_auth_group_access a INNER JOIN ztp_auth_group g on a.group_id=g.id  WHERE ( a.uid='1' and g.status='1' )  [ RunTime:0.0020s ]
SQL: SHOW COLUMNS FROM `ztp_auth_rule` [ RunTime:0.0270s ]
SQL: SELECT `condition`,`name` FROM `ztp_auth_rule` WHERE `id` IN ('6','96','20','1','2','3','4','5','64','2026','2027','2028','2157','2158','2159','2160','2163','2166','2214','2215','2216','21','7','8','9','10','11','12','13','14','15','16','19','2074','2153','2154','2155','153','154','2003','2006','2007','2008','2075','2009','2010','2011','2014','2015','2029','2111','2118','2122','2147','2184','2185','2189','2190','2202','2182','2221','2222','2223','2224','2225','2226','2227','2018','2020','2022','2023','2024','2025','2145','2151','2152','2186','2057','2060','2062','2179','2138','2139','2140','2141','2193','2218','2219','2220','2142','2143','2144','2191','2187','2197','2198','2199','2200','2201','2217','2203') AND `type` = 1 AND `status` = 1  [ RunTime:0.0030s ]
SQL: SELECT * FROM `ztp_config` WHERE `key` = 'project_money_count' LIMIT 1   [ RunTime:0.0020s ]
SQL: SELECT * FROM `ztp_config` WHERE `key` = 'project_money_count_day' LIMIT 1   [ RunTime:0.0020s ]
SQL: SELECT * FROM `ztp_project_user_auto` WHERE `status` = 0  [ RunTime:0.0040s ]
NOTIC: [8] Undefined variable: gufen_zong D:\WWW\fys\App\Admin\Controller\AdminBaseController.class.php 第 25 行.
SQL: SELECT * FROM `ztp_config` WHERE `key` = 'bili_fenhong_day' LIMIT 1   [ RunTime:0.0020s ]
NOTIC: [2] Division by zero D:\WWW\fys\App\Admin\Controller\AdminBaseController.class.php 第 29 行.
SQL: SELECT * FROM `ztp_project_user` WHERE `id` = 874 LIMIT 1   [ RunTime:0.0020s ]
SQL: SELECT * FROM `ztp_user` WHERE `uid` = 1 AND `status` <> -404 LIMIT 1   [ RunTime:0.0020s ]
INFO: [ view_parse ] --START--
INFO: [ template_filter ] --START--
INFO: Run Behavior\ContentReplaceBehavior [ RunTime:0.001000s ]
INFO: [ template_filter ] --END-- [ RunTime:0.001000s ]
NOTIC: [8] Undefined variable: geshi D:\WWW\fys\App\Runtime\Cache\Admin\f9d04376911166d2944bd0857de246c1.php 第 5 行.
INFO: Run Behavior\ParseTemplateBehavior [ RunTime:0.026001s ]
INFO: [ view_parse ] --END-- [ RunTime:0.026001s ]
INFO: [ view_filter ] --START--
INFO: Run Behavior\WriteHtmlCacheBehavior [ RunTime:0.001000s ]
INFO: [ view_filter ] --END-- [ RunTime:0.001000s ]
INFO: [ app_end ] --START--
INFO: Run Behavior\ShowPageTraceBehavior [ RunTime:0.001001s ]
INFO: [ app_end ] --END-- [ RunTime:0.001001s ]

[ 2018-03-31T17:42:01+08:00 ] 127.0.0.1 /admin/User/baodan.html
INFO: [ app_init ] --START--
INFO: Run Behavior\BuildLiteBehavior [ RunTime:0.000000s ]
INFO: [ app_init ] --END-- [ RunTime:0.001000s ]
INFO: [ app_begin ] --START--
INFO: Run Behavior\ReadHtmlCacheBehavior [ RunTime:0.002000s ]
INFO: Run Behavior\CheckLangBehavior [ RunTime:0.002000s ]
INFO: [ app_begin ] --END-- [ RunTime:0.004000s ]
SQL: SELECT * FROM `ztp_config`  [ RunTime:0.0010s ]
SQL: SHOW COLUMNS FROM `ztp_auth_group_access` [ RunTime:0.0170s ]
SQL: SELECT `uid`,`group_id`,`title`,`rules` FROM ztp_auth_group_access a INNER JOIN ztp_auth_group g on a.group_id=g.id  WHERE ( a.uid='1' and g.status='1' )  [ RunTime:0.0020s ]
SQL: SHOW COLUMNS FROM `ztp_auth_rule` [ RunTime:0.0160s ]
SQL: SELECT `condition`,`name` FROM `ztp_auth_rule` WHERE `id` IN ('6','96','20','1','2','3','4','5','64','2026','2027','2028','2157','2158','2159','2160','2163','2166','2214','2215','2216','21','7','8','9','10','11','12','13','14','15','16','19','2074','2153','2154','2155','153','154','2003','2006','2007','2008','2075','2009','2010','2011','2014','2015','2029','2111','2118','2122','2147','2184','2185','2189','2190','2202','2182','2221','2222','2223','2224','2225','2226','2227','2018','2020','2022','2023','2024','2025','2145','2151','2152','2186','2057','2060','2062','2179','2138','2139','2140','2141','2193','2218','2219','2220','2142','2143','2144','2191','2187','2197','2198','2199','2200','2201','2217','2203') AND `type` = 1 AND `status` = 1  [ RunTime:0.0020s ]
SQL: SELECT * FROM `ztp_config` WHERE `key` = 'project_money_count' LIMIT 1   [ RunTime:0.0020s ]
SQL: SELECT * FROM `ztp_config` WHERE `key` = 'project_money_count_day' LIMIT 1   [ RunTime:0.0010s ]
SQL: SELECT * FROM `ztp_project_user_auto` WHERE `status` = 0  [ RunTime:0.0010s ]
NOTIC: [8] Undefined variable: gufen_zong D:\WWW\fys\App\Admin\Controller\AdminBaseController.class.php 第 25 行.
SQL: SELECT * FROM `ztp_config` WHERE `key` = 'bili_fenhong_day' LIMIT 1   [ RunTime:0.0000s ]
NOTIC: [2] Division by zero D:\WWW\fys\App\Admin\Controller\AdminBaseController.class.php 第 29 行.
NOTIC: [8] Undefined variable: where D:\WWW\fys\App\Admin\Controller\UserController.class.php 第 606 行.
SQL: SELECT COUNT(*) AS tp_count FROM `ztp_project_user` LIMIT 1   [ RunTime:0.0020s ]
NOTIC: [8] Undefined variable: where D:\WWW\fys\App\Admin\Controller\UserController.class.php 第 612 行.
SQL: SELECT * FROM `ztp_project_user` ORDER BY id desc LIMIT 0,25   [ RunTime:0.0010s ]
SQL: SELECT * FROM `ztp_project_user_pic` WHERE `project_id` = 0  [ RunTime:0.0450s ]
INFO: [ view_parse ] --START--
INFO: [ template_filter ] --START--
INFO: Run Behavior\ContentReplaceBehavior [ RunTime:0.000000s ]
INFO: [ template_filter ] --END-- [ RunTime:0.000000s ]
NOTIC: [8] Undefined index: username D:\WWW\fys\App\Runtime\Cache\Admin\cbea8730bf8090d44f9478723d088c05.php 第 31 行.
INFO: Run Behavior\ParseTemplateBehavior [ RunTime:0.024002s ]
INFO: [ view_parse ] --END-- [ RunTime:0.024002s ]
INFO: [ view_filter ] --START--
INFO: Run Behavior\WriteHtmlCacheBehavior [ RunTime:0.001000s ]
INFO: [ view_filter ] --END-- [ RunTime:0.001000s ]
INFO: [ app_end ] --START--
INFO: Run Behavior\ShowPageTraceBehavior [ RunTime:0.001000s ]
INFO: [ app_end ] --END-- [ RunTime:0.001000s ]

[ 2018-03-31T17:42:03+08:00 ] 127.0.0.1 /admin/User/baodan.html
INFO: [ app_init ] --START--
INFO: Run Behavior\BuildLiteBehavior [ RunTime:0.000000s ]
INFO: [ app_init ] --END-- [ RunTime:0.001000s ]
INFO: [ app_begin ] --START--
INFO: Run Behavior\ReadHtmlCacheBehavior [ RunTime:0.000000s ]
INFO: Run Behavior\CheckLangBehavior [ RunTime:0.001000s ]
INFO: [ app_begin ] --END-- [ RunTime:0.002000s ]
SQL: SELECT * FROM `ztp_config`  [ RunTime:0.0000s ]
SQL: SHOW COLUMNS FROM `ztp_auth_group_access` [ RunTime:0.0160s ]
SQL: SELECT `uid`,`group_id`,`title`,`rules` FROM ztp_auth_group_access a INNER JOIN ztp_auth_group g on a.group_id=g.id  WHERE ( a.uid='1' and g.status='1' )  [ RunTime:0.0010s ]
SQL: SHOW COLUMNS FROM `ztp_auth_rule` [ RunTime:0.0180s ]
SQL: SELECT `condition`,`name` FROM `ztp_auth_rule` WHERE `id` IN ('6','96','20','1','2','3','4','5','64','2026','2027','2028','2157','2158','2159','2160','2163','2166','2214','2215','2216','21','7','8','9','10','11','12','13','14','15','16','19','2074','2153','2154','2155','153','154','2003','2006','2007','2008','2075','2009','2010','2011','2014','2015','2029','2111','2118','2122','2147','2184','2185','2189','2190','2202','2182','2221','2222','2223','2224','2225','2226','2227','2018','2020','2022','2023','2024','2025','2145','2151','2152','2186','2057','2060','2062','2179','2138','2139','2140','2141','2193','2218','2219','2220','2142','2143','2144','2191','2187','2197','2198','2199','2200','2201','2217','2203') AND `type` = 1 AND `status` = 1  [ RunTime:0.0020s ]
SQL: SELECT * FROM `ztp_config` WHERE `key` = 'project_money_count' LIMIT 1   [ RunTime:0.0010s ]
SQL: SELECT * FROM `ztp_config` WHERE `key` = 'project_money_count_day' LIMIT 1   [ RunTime:0.0010s ]
SQL: SELECT * FROM `ztp_project_user_auto` WHERE `status` = 0  [ RunTime:0.0010s ]
NOTIC: [8] Undefined variable: gufen_zong D:\WWW\fys\App\Admin\Controller\AdminBaseController.class.php 第 25 行.
SQL: SELECT * FROM `ztp_config` WHERE `key` = 'bili_fenhong_day' LIMIT 1   [ RunTime:0.0000s ]
NOTIC: [2] Division by zero D:\WWW\fys\App\Admin\Controller\AdminBaseController.class.php 第 29 行.
NOTIC: [8] Undefined variable: where D:\WWW\fys\App\Admin\Controller\UserController.class.php 第 606 行.
SQL: SELECT COUNT(*) AS tp_count FROM `ztp_project_user` LIMIT 1   [ RunTime:0.0010s ]
NOTIC: [8] Undefined variable: where D:\WWW\fys\App\Admin\Controller\UserController.class.php 第 612 行.
SQL: SELECT * FROM `ztp_project_user` ORDER BY id desc LIMIT 0,25   [ RunTime:0.0010s ]
SQL: SELECT * FROM `ztp_project_user_pic` WHERE `project_id` = 0  [ RunTime:0.0000s ]
INFO: [ view_parse ] --START--
INFO: [ template_filter ] --START--
INFO: Run Behavior\ContentReplaceBehavior [ RunTime:0.000000s ]
INFO: [ template_filter ] --END-- [ RunTime:0.000000s ]
NOTIC: [8] Undefined index: username D:\WWW\fys\App\Runtime\Cache\Admin\cbea8730bf8090d44f9478723d088c05.php 第 31 行.
INFO: Run Behavior\ParseTemplateBehavior [ RunTime:0.021001s ]
INFO: [ view_parse ] --END-- [ RunTime:0.021001s ]
INFO: [ view_filter ] --START--
INFO: Run Behavior\WriteHtmlCacheBehavior [ RunTime:0.001000s ]
INFO: [ view_filter ] --END-- [ RunTime:0.001000s ]
INFO: [ app_end ] --START--
INFO: Run Behavior\ShowPageTraceBehavior [ RunTime:0.001000s ]
INFO: [ app_end ] --END-- [ RunTime:0.001000s ]

[ 2018-03-31T17:44:02+08:00 ] 127.0.0.1 /admin/User/baodan.html
INFO: [ app_init ] --START--
INFO: Run Behavior\BuildLiteBehavior [ RunTime:0.000000s ]
INFO: [ app_init ] --END-- [ RunTime:0.002000s ]
INFO: [ app_begin ] --START--
INFO: Run Behavior\ReadHtmlCacheBehavior [ RunTime:0.002001s ]
INFO: Run Behavior\CheckLangBehavior [ RunTime:0.001000s ]
INFO: [ app_begin ] --END-- [ RunTime:0.003001s ]
SQL: SELECT * FROM `ztp_config`  [ RunTime:0.0010s ]
SQL: SHOW COLUMNS FROM `ztp_auth_group_access` [ RunTime:0.0160s ]
SQL: SELECT `uid`,`group_id`,`title`,`rules` FROM ztp_auth_group_access a INNER JOIN ztp_auth_group g on a.group_id=g.id  WHERE ( a.uid='1' and g.status='1' )  [ RunTime:0.0010s ]
SQL: SHOW COLUMNS FROM `ztp_auth_rule` [ RunTime:0.0160s ]
SQL: SELECT `condition`,`name` FROM `ztp_auth_rule` WHERE `id` IN ('6','96','20','1','2','3','4','5','64','2026','2027','2028','2157','2158','2159','2160','2163','2166','2214','2215','2216','21','7','8','9','10','11','12','13','14','15','16','19','2074','2153','2154','2155','153','154','2003','2006','2007','2008','2075','2009','2010','2011','2014','2015','2029','2111','2118','2122','2147','2184','2185','2189','2190','2202','2182','2221','2222','2223','2224','2225','2226','2227','2018','2020','2022','2023','2024','2025','2145','2151','2152','2186','2057','2060','2062','2179','2138','2139','2140','2141','2193','2218','2219','2220','2142','2143','2144','2191','2187','2197','2198','2199','2200','2201','2217','2203') AND `type` = 1 AND `status` = 1  [ RunTime:0.0020s ]
SQL: SELECT * FROM `ztp_config` WHERE `key` = 'project_money_count' LIMIT 1   [ RunTime:0.0020s ]
SQL: SELECT * FROM `ztp_config` WHERE `key` = 'project_money_count_day' LIMIT 1   [ RunTime:0.0010s ]
SQL: SELECT * FROM `ztp_project_user_auto` WHERE `status` = 0  [ RunTime:0.0010s ]
NOTIC: [8] Undefined variable: gufen_zong D:\WWW\fys\App\Admin\Controller\AdminBaseController.class.php 第 25 行.
SQL: SELECT * FROM `ztp_config` WHERE `key` = 'bili_fenhong_day' LIMIT 1   [ RunTime:0.0010s ]
NOTIC: [2] Division by zero D:\WWW\fys\App\Admin\Controller\AdminBaseController.class.php 第 29 行.
NOTIC: [8] Undefined variable: where D:\WWW\fys\App\Admin\Controller\UserController.class.php 第 606 行.
SQL: SELECT COUNT(*) AS tp_count FROM `ztp_project_user` LIMIT 1   [ RunTime:0.0020s ]
NOTIC: [8] Undefined variable: where D:\WWW\fys\App\Admin\Controller\UserController.class.php 第 612 行.
SQL: SELECT * FROM `ztp_project_user` ORDER BY id desc LIMIT 0,25   [ RunTime:0.0010s ]
SQL: SELECT * FROM `ztp_user` WHERE `uid` = 391 AND `status` <> -404 LIMIT 1   [ RunTime:0.0020s ]
SQL: SELECT * FROM `ztp_user` WHERE `uid` = 391 AND `status` <> -404 LIMIT 1   [ RunTime:0.0010s ]
SQL: SELECT * FROM `ztp_user` WHERE `uid` = 390 AND `status` <> -404 LIMIT 1   [ RunTime:0.0010s ]
SQL: SELECT * FROM `ztp_user` WHERE `uid` = 390 AND `status` <> -404 LIMIT 1   [ RunTime:0.0020s ]
INFO: [ view_parse ] --START--
INFO: [ template_filter ] --START--
INFO: Run Behavior\ContentReplaceBehavior [ RunTime:0.000000s ]
INFO: [ template_filter ] --END-- [ RunTime:0.000000s ]
NOTIC: [8] Undefined index: username D:\WWW\fys\App\Runtime\Cache\Admin\cbea8730bf8090d44f9478723d088c05.php 第 31 行.
NOTIC: [8] Undefined index: baodan_type D:\WWW\fys\App\Runtime\Cache\Admin\cbea8730bf8090d44f9478723d088c05.php 第 60 行.
NOTIC: [8] Undefined index: image D:\WWW\fys\App\Runtime\Cache\Admin\cbea8730bf8090d44f9478723d088c05.php 第 61 行.
NOTIC: [8] Undefined index: image_id D:\WWW\fys\App\Runtime\Cache\Admin\cbea8730bf8090d44f9478723d088c05.php 第 66 行.
NOTIC: [8] Undefined index: baodan_type D:\WWW\fys\App\Runtime\Cache\Admin\cbea8730bf8090d44f9478723d088c05.php 第 60 行.
NOTIC: [8] Undefined index: image D:\WWW\fys\App\Runtime\Cache\Admin\cbea8730bf8090d44f9478723d088c05.php 第 61 行.
NOTIC: [8] Undefined index: image_id D:\WWW\fys\App\Runtime\Cache\Admin\cbea8730bf8090d44f9478723d088c05.php 第 66 行.
INFO: Run Behavior\ParseTemplateBehavior [ RunTime:0.024001s ]
INFO: [ view_parse ] --END-- [ RunTime:0.024001s ]
INFO: [ view_filter ] --START--
INFO: Run Behavior\WriteHtmlCacheBehavior [ RunTime:0.001000s ]
INFO: [ view_filter ] --END-- [ RunTime:0.001000s ]
INFO: [ app_end ] --START--
INFO: Run Behavior\ShowPageTraceBehavior [ RunTime:0.001000s ]
INFO: [ app_end ] --END-- [ RunTime:0.002000s ]

