[ 2018-04-02T10:53:46+08:00 ] 127.0.0.1 /admin/Index/index.html
INFO: [ app_init ] --START--
INFO: Run Behavior\BuildLiteBehavior [ RunTime:0.000000s ]
INFO: [ app_init ] --END-- [ RunTime:0.002000s ]
INFO: [ app_begin ] --START--
INFO: Run Behavior\ReadHtmlCacheBehavior [ RunTime:0.007000s ]
INFO: Run Behavior\CheckLangBehavior [ RunTime:0.006000s ]
INFO: [ app_begin ] --END-- [ RunTime:0.013000s ]
SQL: SELECT * FROM `ztp_config`  [ RunTime:0.0500s ]

[ 2018-04-02T10:53:47+08:00 ] 127.0.0.1 /admin/Login/showLogin.html
INFO: [ app_init ] --START--
INFO: Run Behavior\BuildLiteBehavior [ RunTime:0.000000s ]
INFO: [ app_init ] --END-- [ RunTime:0.001001s ]
INFO: [ app_begin ] --START--
INFO: Run Behavior\ReadHtmlCacheBehavior [ RunTime:0.003001s ]
INFO: Run Behavior\CheckLangBehavior [ RunTime:0.005000s ]
INFO: [ app_begin ] --END-- [ RunTime:0.008001s ]
SQL: SELECT * FROM `ztp_config`  [ RunTime:0.0010s ]
INFO: [ view_parse ] --START--
INFO: [ template_filter ] --START--
INFO: Run Behavior\ContentReplaceBehavior [ RunTime:0.000000s ]
INFO: [ template_filter ] --END-- [ RunTime:0.001000s ]
INFO: Run Behavior\ParseTemplateBehavior [ RunTime:0.088005s ]
INFO: [ view_parse ] --END-- [ RunTime:0.088005s ]
INFO: [ view_filter ] --START--
INFO: Run Behavior\WriteHtmlCacheBehavior [ RunTime:0.010001s ]
INFO: [ view_filter ] --END-- [ RunTime:0.010001s ]
INFO: [ app_end ] --START--
INFO: Run Behavior\ShowPageTraceBehavior [ RunTime:0.013000s ]
INFO: [ app_end ] --END-- [ RunTime:0.013000s ]

[ 2018-04-02T10:53:47+08:00 ] 127.0.0.1 /admin/Login/verify.html
INFO: [ app_init ] --START--
INFO: Run Behavior\BuildLiteBehavior [ RunTime:0.000000s ]
INFO: [ app_init ] --END-- [ RunTime:0.001000s ]
INFO: [ app_begin ] --START--
INFO: Run Behavior\ReadHtmlCacheBehavior [ RunTime:0.003001s ]
INFO: Run Behavior\CheckLangBehavior [ RunTime:0.006000s ]
INFO: [ app_begin ] --END-- [ RunTime:0.009001s ]
SQL: SELECT * FROM `ztp_config`  [ RunTime:0.0020s ]
INFO: [ app_end ] --START--
INFO: Run Behavior\ShowPageTraceBehavior [ RunTime:0.002000s ]
INFO: [ app_end ] --END-- [ RunTime:0.003000s ]

[ 2018-04-02T10:53:55+08:00 ] 127.0.0.1 /admin/Login/showLogin.html
INFO: [ app_init ] --START--
INFO: Run Behavior\BuildLiteBehavior [ RunTime:0.000000s ]
INFO: [ app_init ] --END-- [ RunTime:0.001000s ]
INFO: [ app_begin ] --START--
INFO: Run Behavior\ReadHtmlCacheBehavior [ RunTime:0.001000s ]
INFO: Run Behavior\CheckLangBehavior [ RunTime:0.002000s ]
INFO: [ app_begin ] --END-- [ RunTime:0.005001s ]
SQL: SELECT * FROM `ztp_config`  [ RunTime:0.0010s ]
SQL: SELECT * FROM `ztp_admin_user` WHERE `username` = 'admin' LIMIT 1   [ RunTime:0.0480s ]

[ 2018-04-02T10:53:56+08:00 ] 127.0.0.1 /admin/Index/index.html
INFO: [ app_init ] --START--
INFO: Run Behavior\BuildLiteBehavior [ RunTime:0.000000s ]
INFO: [ app_init ] --END-- [ RunTime:0.001000s ]
INFO: [ app_begin ] --START--
INFO: Run Behavior\ReadHtmlCacheBehavior [ RunTime:0.003001s ]
INFO: Run Behavior\CheckLangBehavior [ RunTime:0.003000s ]
INFO: [ app_begin ] --END-- [ RunTime:0.006001s ]
SQL: SELECT * FROM `ztp_config`  [ RunTime:0.0010s ]
SQL: SHOW COLUMNS FROM `ztp_auth_group_access` [ RunTime:0.0600s ]
SQL: SELECT `uid`,`group_id`,`title`,`rules` FROM ztp_auth_group_access a INNER JOIN ztp_auth_group g on a.group_id=g.id  WHERE ( a.uid='1' and g.status='1' )  [ RunTime:0.0120s ]
SQL: SHOW COLUMNS FROM `ztp_auth_rule` [ RunTime:0.0220s ]
SQL: SELECT `condition`,`name` FROM `ztp_auth_rule` WHERE `id` IN ('6','96','20','1','2','3','4','5','64','2026','2027','2028','2157','2158','2159','2160','2163','2166','2214','2215','2216','21','7','8','9','10','11','12','13','14','15','16','19','2074','2153','2154','2155','153','154','2003','2006','2007','2008','2075','2009','2010','2011','2014','2015','2029','2111','2118','2122','2147','2184','2185','2189','2190','2202','2182','2221','2222','2223','2224','2225','2226','2227','2018','2020','2022','2023','2024','2025','2145','2151','2152','2186','2057','2060','2062','2179','2138','2139','2140','2141','2193','2218','2219','2220','2142','2143','2144','2191','2187','2197','2198','2199','2200','2201','2217','2203') AND `type` = 1 AND `status` = 1  [ RunTime:0.0050s ]
SQL: SELECT * FROM `ztp_config` WHERE `key` = 'project_money_count' LIMIT 1   [ RunTime:0.0020s ]
SQL: SELECT * FROM `ztp_config` WHERE `key` = 'project_money_count_day' LIMIT 1   [ RunTime:0.0020s ]
SQL: SELECT * FROM `ztp_project_user_auto` WHERE `status` = 0  [ RunTime:0.0580s ]
NOTIC: [8] Undefined variable: gufen_zong D:\WWW\fys\App\Admin\Controller\AdminBaseController.class.php 第 25 行.
SQL: SELECT * FROM `ztp_config` WHERE `key` = 'bili_fenhong_day' LIMIT 1   [ RunTime:0.0020s ]
NOTIC: [2] Division by zero D:\WWW\fys\App\Admin\Controller\AdminBaseController.class.php 第 29 行.
NOTIC: [2048] Declaration of Admin\Model\AdminNavModel::getTreeData() should be compatible with Admin\Model\BaseModel::getTreeData($type = 'tree', $order = '', $name = 'name', $child = 'id', $parent = 'pid') D:\WWW\fys\App\Admin\Model\AdminNavModel.class.php 第 7 行.
SQL: SELECT * FROM `ztp_admin_nav` ORDER BY order_number is null,order_number,id  [ RunTime:0.0450s ]
INFO: [ view_parse ] --START--
INFO: [ template_filter ] --START--
INFO: Run Behavior\ContentReplaceBehavior [ RunTime:0.000000s ]
INFO: [ template_filter ] --END-- [ RunTime:0.000000s ]
INFO: Run Behavior\ParseTemplateBehavior [ RunTime:0.059003s ]
INFO: [ view_parse ] --END-- [ RunTime:0.060003s ]
INFO: [ view_filter ] --START--
INFO: Run Behavior\WriteHtmlCacheBehavior [ RunTime:0.002000s ]
INFO: [ view_filter ] --END-- [ RunTime:0.002000s ]
INFO: [ app_end ] --START--
INFO: Run Behavior\ShowPageTraceBehavior [ RunTime:0.005001s ]
INFO: [ app_end ] --END-- [ RunTime:0.005001s ]

[ 2018-04-02T10:53:56+08:00 ] 127.0.0.1 /admin/Index/welcome.html
INFO: [ app_init ] --START--
INFO: Run Behavior\BuildLiteBehavior [ RunTime:0.000000s ]
INFO: [ app_init ] --END-- [ RunTime:0.001000s ]
INFO: [ app_begin ] --START--
INFO: Run Behavior\ReadHtmlCacheBehavior [ RunTime:0.003000s ]
INFO: Run Behavior\CheckLangBehavior [ RunTime:0.004000s ]
INFO: [ app_begin ] --END-- [ RunTime:0.007000s ]
SQL: SELECT * FROM `ztp_config`  [ RunTime:0.0050s ]
SQL: SHOW COLUMNS FROM `ztp_auth_group_access` [ RunTime:0.0350s ]
SQL: SELECT `uid`,`group_id`,`title`,`rules` FROM ztp_auth_group_access a INNER JOIN ztp_auth_group g on a.group_id=g.id  WHERE ( a.uid='1' and g.status='1' )  [ RunTime:0.0050s ]
SQL: SHOW COLUMNS FROM `ztp_auth_rule` [ RunTime:0.0310s ]
SQL: SELECT `condition`,`name` FROM `ztp_auth_rule` WHERE `id` IN ('6','96','20','1','2','3','4','5','64','2026','2027','2028','2157','2158','2159','2160','2163','2166','2214','2215','2216','21','7','8','9','10','11','12','13','14','15','16','19','2074','2153','2154','2155','153','154','2003','2006','2007','2008','2075','2009','2010','2011','2014','2015','2029','2111','2118','2122','2147','2184','2185','2189','2190','2202','2182','2221','2222','2223','2224','2225','2226','2227','2018','2020','2022','2023','2024','2025','2145','2151','2152','2186','2057','2060','2062','2179','2138','2139','2140','2141','2193','2218','2219','2220','2142','2143','2144','2191','2187','2197','2198','2199','2200','2201','2217','2203') AND `type` = 1 AND `status` = 1  [ RunTime:0.0050s ]
SQL: SELECT * FROM `ztp_config` WHERE `key` = 'project_money_count' LIMIT 1   [ RunTime:0.0020s ]
SQL: SELECT * FROM `ztp_config` WHERE `key` = 'project_money_count_day' LIMIT 1   [ RunTime:0.0020s ]
SQL: SELECT * FROM `ztp_project_user_auto` WHERE `status` = 0  [ RunTime:0.0030s ]
NOTIC: [8] Undefined variable: gufen_zong D:\WWW\fys\App\Admin\Controller\AdminBaseController.class.php 第 25 行.
SQL: SELECT * FROM `ztp_config` WHERE `key` = 'bili_fenhong_day' LIMIT 1   [ RunTime:0.0030s ]
NOTIC: [2] Division by zero D:\WWW\fys\App\Admin\Controller\AdminBaseController.class.php 第 29 行.
INFO: [ view_parse ] --START--
INFO: [ template_filter ] --START--
INFO: Run Behavior\ContentReplaceBehavior [ RunTime:0.001000s ]
INFO: [ template_filter ] --END-- [ RunTime:0.001000s ]
NOTIC: [8] Use of undefined constant mysqlnd - assumed 'mysqlnd' D:\WWW\fys\App\Runtime\Cache\Admin\d9e8c752db43d77c05cd2cf54a23d500.php 第 45 行.
NOTIC: [8] Undefined variable: config D:\WWW\fys\App\Runtime\Cache\Admin\d9e8c752db43d77c05cd2cf54a23d500.php 第 65 行.
NOTIC: [8] Undefined variable: page D:\WWW\fys\App\Runtime\Cache\Admin\d9e8c752db43d77c05cd2cf54a23d500.php 第 94 行.
INFO: Run Behavior\ParseTemplateBehavior [ RunTime:0.056003s ]
INFO: [ view_parse ] --END-- [ RunTime:0.056003s ]
INFO: [ view_filter ] --START--
INFO: Run Behavior\WriteHtmlCacheBehavior [ RunTime:0.001000s ]
INFO: [ view_filter ] --END-- [ RunTime:0.001000s ]
INFO: [ app_end ] --START--
INFO: Run Behavior\ShowPageTraceBehavior [ RunTime:0.002000s ]
INFO: [ app_end ] --END-- [ RunTime:0.002000s ]

[ 2018-04-02T15:56:24+08:00 ] 127.0.0.1 /admin/Index/index.html
INFO: [ app_init ] --START--
INFO: Run Behavior\BuildLiteBehavior [ RunTime:0.000000s ]
INFO: [ app_init ] --END-- [ RunTime:0.002000s ]
INFO: [ app_begin ] --START--
INFO: Run Behavior\ReadHtmlCacheBehavior [ RunTime:0.004001s ]
INFO: Run Behavior\CheckLangBehavior [ RunTime:0.006000s ]
INFO: [ app_begin ] --END-- [ RunTime:0.011001s ]
SQL: SELECT * FROM `ztp_config`  [ RunTime:0.0720s ]
SQL: SHOW COLUMNS FROM `ztp_auth_group_access` [ RunTime:0.0570s ]
SQL: SELECT `uid`,`group_id`,`title`,`rules` FROM ztp_auth_group_access a INNER JOIN ztp_auth_group g on a.group_id=g.id  WHERE ( a.uid='1' and g.status='1' )  [ RunTime:0.0120s ]
SQL: SHOW COLUMNS FROM `ztp_auth_rule` [ RunTime:0.0260s ]
SQL: SELECT `condition`,`name` FROM `ztp_auth_rule` WHERE `id` IN ('6','96','20','1','2','3','4','5','64','2026','2027','2028','2157','2158','2159','2160','2163','2166','2214','2215','2216','21','7','8','9','10','11','12','13','14','15','16','19','2074','2153','2154','2155','153','154','2003','2006','2007','2008','2075','2009','2010','2011','2014','2015','2029','2111','2118','2122','2147','2184','2185','2189','2190','2202','2182','2221','2222','2223','2224','2225','2226','2227','2018','2020','2022','2023','2024','2025','2145','2151','2152','2186','2057','2060','2062','2179','2138','2139','2140','2141','2193','2218','2219','2220','2142','2143','2144','2191','2187','2197','2198','2199','2200','2201','2217','2203') AND `type` = 1 AND `status` = 1  [ RunTime:0.0070s ]
SQL: SELECT * FROM `ztp_config` WHERE `key` = 'project_money_count' LIMIT 1   [ RunTime:0.0020s ]
SQL: SELECT * FROM `ztp_config` WHERE `key` = 'project_money_count_day' LIMIT 1   [ RunTime:0.0020s ]
SQL: SELECT * FROM `ztp_project_user_auto` WHERE `status` = 0  [ RunTime:0.0670s ]
NOTIC: [8] Undefined variable: gufen_zong D:\WWW\fys\App\Admin\Controller\AdminBaseController.class.php 第 25 行.
SQL: SELECT * FROM `ztp_config` WHERE `key` = 'bili_fenhong_day' LIMIT 1   [ RunTime:0.0030s ]
NOTIC: [2] Division by zero D:\WWW\fys\App\Admin\Controller\AdminBaseController.class.php 第 29 行.
NOTIC: [2048] Declaration of Admin\Model\AdminNavModel::getTreeData() should be compatible with Admin\Model\BaseModel::getTreeData($type = 'tree', $order = '', $name = 'name', $child = 'id', $parent = 'pid') D:\WWW\fys\App\Admin\Model\AdminNavModel.class.php 第 7 行.
SQL: SELECT * FROM `ztp_admin_nav` ORDER BY order_number is null,order_number,id  [ RunTime:0.0260s ]
INFO: [ view_parse ] --START--
INFO: [ template_filter ] --START--
INFO: Run Behavior\ContentReplaceBehavior [ RunTime:0.000000s ]
INFO: [ template_filter ] --END-- [ RunTime:0.000000s ]
INFO: Run Behavior\ParseTemplateBehavior [ RunTime:0.042002s ]
INFO: [ view_parse ] --END-- [ RunTime:0.042002s ]
INFO: [ view_filter ] --START--
INFO: Run Behavior\WriteHtmlCacheBehavior [ RunTime:0.004000s ]
INFO: [ view_filter ] --END-- [ RunTime:0.004000s ]
INFO: [ app_end ] --START--
INFO: Run Behavior\ShowPageTraceBehavior [ RunTime:0.007001s ]
INFO: [ app_end ] --END-- [ RunTime:0.008001s ]

[ 2018-04-02T15:56:25+08:00 ] 127.0.0.1 /admin/Index/welcome.html
INFO: [ app_init ] --START--
INFO: Run Behavior\BuildLiteBehavior [ RunTime:0.000000s ]
INFO: [ app_init ] --END-- [ RunTime:0.002000s ]
INFO: [ app_begin ] --START--
INFO: Run Behavior\ReadHtmlCacheBehavior [ RunTime:0.005001s ]
INFO: Run Behavior\CheckLangBehavior [ RunTime:0.009000s ]
INFO: [ app_begin ] --END-- [ RunTime:0.014001s ]
SQL: SELECT * FROM `ztp_config`  [ RunTime:0.0020s ]
SQL: SHOW COLUMNS FROM `ztp_auth_group_access` [ RunTime:0.0310s ]
SQL: SELECT `uid`,`group_id`,`title`,`rules` FROM ztp_auth_group_access a INNER JOIN ztp_auth_group g on a.group_id=g.id  WHERE ( a.uid='1' and g.status='1' )  [ RunTime:0.0020s ]
SQL: SHOW COLUMNS FROM `ztp_auth_rule` [ RunTime:0.0260s ]
SQL: SELECT `condition`,`name` FROM `ztp_auth_rule` WHERE `id` IN ('6','96','20','1','2','3','4','5','64','2026','2027','2028','2157','2158','2159','2160','2163','2166','2214','2215','2216','21','7','8','9','10','11','12','13','14','15','16','19','2074','2153','2154','2155','153','154','2003','2006','2007','2008','2075','2009','2010','2011','2014','2015','2029','2111','2118','2122','2147','2184','2185','2189','2190','2202','2182','2221','2222','2223','2224','2225','2226','2227','2018','2020','2022','2023','2024','2025','2145','2151','2152','2186','2057','2060','2062','2179','2138','2139','2140','2141','2193','2218','2219','2220','2142','2143','2144','2191','2187','2197','2198','2199','2200','2201','2217','2203') AND `type` = 1 AND `status` = 1  [ RunTime:0.0030s ]
SQL: SELECT * FROM `ztp_config` WHERE `key` = 'project_money_count' LIMIT 1   [ RunTime:0.0020s ]
SQL: SELECT * FROM `ztp_config` WHERE `key` = 'project_money_count_day' LIMIT 1   [ RunTime:0.0020s ]
SQL: SELECT * FROM `ztp_project_user_auto` WHERE `status` = 0  [ RunTime:0.0020s ]
NOTIC: [8] Undefined variable: gufen_zong D:\WWW\fys\App\Admin\Controller\AdminBaseController.class.php 第 25 行.
SQL: SELECT * FROM `ztp_config` WHERE `key` = 'bili_fenhong_day' LIMIT 1   [ RunTime:0.0020s ]
NOTIC: [2] Division by zero D:\WWW\fys\App\Admin\Controller\AdminBaseController.class.php 第 29 行.
INFO: [ view_parse ] --START--
INFO: [ template_filter ] --START--
INFO: Run Behavior\ContentReplaceBehavior [ RunTime:0.000000s ]
INFO: [ template_filter ] --END-- [ RunTime:0.000000s ]
NOTIC: [8] Use of undefined constant mysqlnd - assumed 'mysqlnd' D:\WWW\fys\App\Runtime\Cache\Admin\d9e8c752db43d77c05cd2cf54a23d500.php 第 45 行.
NOTIC: [8] Undefined variable: config D:\WWW\fys\App\Runtime\Cache\Admin\d9e8c752db43d77c05cd2cf54a23d500.php 第 65 行.
NOTIC: [8] Undefined variable: page D:\WWW\fys\App\Runtime\Cache\Admin\d9e8c752db43d77c05cd2cf54a23d500.php 第 94 行.
INFO: Run Behavior\ParseTemplateBehavior [ RunTime:0.091006s ]
INFO: [ view_parse ] --END-- [ RunTime:0.091006s ]
INFO: [ view_filter ] --START--
INFO: Run Behavior\WriteHtmlCacheBehavior [ RunTime:0.003000s ]
INFO: [ view_filter ] --END-- [ RunTime:0.004000s ]
INFO: [ app_end ] --START--
INFO: Run Behavior\ShowPageTraceBehavior [ RunTime:0.003000s ]
INFO: [ app_end ] --END-- [ RunTime:0.003000s ]

