[ 2018-04-08T14:37:40+08:00 ] 127.0.0.1 /admin
INFO: [ app_init ] --START--
INFO: Run Behavior\BuildLiteBehavior [ RunTime:0.000000s ]
INFO: [ app_init ] --END-- [ RunTime:0.002000s ]
INFO: [ app_begin ] --START--
INFO: Run Behavior\ReadHtmlCacheBehavior [ RunTime:0.002001s ]
INFO: Run Behavior\CheckLangBehavior [ RunTime:0.072004s ]
INFO: [ app_begin ] --END-- [ RunTime:0.074005s ]
SQL: SELECT * FROM `ztp_config`  [ RunTime:0.4270s ]
INFO: [ view_parse ] --START--
INFO: [ template_filter ] --START--
INFO: Run Behavior\ContentReplaceBehavior [ RunTime:0.024001s ]
INFO: [ template_filter ] --END-- [ RunTime:0.024001s ]
INFO: Run Behavior\ParseTemplateBehavior [ RunTime:0.142008s ]
INFO: [ view_parse ] --END-- [ RunTime:0.142008s ]
INFO: [ view_filter ] --START--
INFO: Run Behavior\WriteHtmlCacheBehavior [ RunTime:0.008001s ]
INFO: [ view_filter ] --END-- [ RunTime:0.008001s ]
INFO: [ app_end ] --START--
INFO: Run Behavior\ShowPageTraceBehavior [ RunTime:0.012000s ]
INFO: [ app_end ] --END-- [ RunTime:0.012000s ]

[ 2018-04-08T14:37:41+08:00 ] 127.0.0.1 /admin/Login/verify.html
INFO: [ app_init ] --START--
INFO: Run Behavior\BuildLiteBehavior [ RunTime:0.000000s ]
INFO: [ app_init ] --END-- [ RunTime:0.002000s ]
INFO: [ app_begin ] --START--
INFO: Run Behavior\ReadHtmlCacheBehavior [ RunTime:0.003000s ]
INFO: Run Behavior\CheckLangBehavior [ RunTime:0.003000s ]
INFO: [ app_begin ] --END-- [ RunTime:0.006000s ]
SQL: SELECT * FROM `ztp_config`  [ RunTime:0.0010s ]
INFO: [ app_end ] --START--
INFO: Run Behavior\ShowPageTraceBehavior [ RunTime:0.002000s ]
INFO: [ app_end ] --END-- [ RunTime:0.002000s ]

[ 2018-04-08T14:39:03+08:00 ] 127.0.0.1 /admin/Login/showLogin.html
INFO: [ app_init ] --START--
INFO: Run Behavior\BuildLiteBehavior [ RunTime:0.000000s ]
INFO: [ app_init ] --END-- [ RunTime:0.001000s ]
INFO: [ app_begin ] --START--
INFO: Run Behavior\ReadHtmlCacheBehavior [ RunTime:0.002000s ]
INFO: Run Behavior\CheckLangBehavior [ RunTime:0.003000s ]
INFO: [ app_begin ] --END-- [ RunTime:0.006000s ]
SQL: SELECT * FROM `ztp_config`  [ RunTime:0.0010s ]
SQL: SELECT * FROM `ztp_admin_user` WHERE `username` = 'admin' LIMIT 1   [ RunTime:0.5130s ]

[ 2018-04-08T14:39:05+08:00 ] 127.0.0.1 /admin/Index/index.html
INFO: [ app_init ] --START--
INFO: Run Behavior\BuildLiteBehavior [ RunTime:0.000000s ]
INFO: [ app_init ] --END-- [ RunTime:0.001000s ]
INFO: [ app_begin ] --START--
INFO: Run Behavior\ReadHtmlCacheBehavior [ RunTime:0.002000s ]
INFO: Run Behavior\CheckLangBehavior [ RunTime:0.003000s ]
INFO: [ app_begin ] --END-- [ RunTime:0.005000s ]
SQL: SELECT * FROM `ztp_config`  [ RunTime:0.0010s ]
SQL: SHOW COLUMNS FROM `ztp_auth_group_access` [ RunTime:0.6160s ]
SQL: SELECT `uid`,`group_id`,`title`,`rules` FROM ztp_auth_group_access a INNER JOIN ztp_auth_group g on a.group_id=g.id  WHERE ( a.uid='1' and g.status='1' )  [ RunTime:0.1830s ]
SQL: SHOW COLUMNS FROM `ztp_auth_rule` [ RunTime:0.0670s ]
SQL: SELECT `condition`,`name` FROM `ztp_auth_rule` WHERE `id` IN ('6','96','20','1','2','3','4','5','64','2026','2027','2028','2157','2158','2159','2160','2163','2166','2214','2215','2216','21','7','8','9','10','11','12','13','14','15','16','19','2074','2153','2154','2155','153','154','2003','2006','2007','2008','2075','2009','2010','2011','2014','2015','2029','2111','2118','2122','2147','2184','2185','2189','2190','2202','2182','2221','2222','2223','2224','2225','2226','2227','2018','2020','2022','2023','2024','2025','2145','2151','2152','2186','2057','2060','2062','2179','2138','2139','2140','2141','2193','2218','2219','2220','2142','2143','2144','2191','2187','2197','2198','2199','2200','2201','2217','2203') AND `type` = 1 AND `status` = 1  [ RunTime:0.0480s ]
SQL: SELECT * FROM `ztp_config` WHERE `key` = 'project_money_count' LIMIT 1   [ RunTime:0.0020s ]
SQL: SELECT * FROM `ztp_config` WHERE `key` = 'project_money_count_day' LIMIT 1   [ RunTime:0.0010s ]
SQL: SELECT * FROM `ztp_project_user_auto` WHERE `status` = 0  [ RunTime:0.1060s ]
NOTIC: [8] Undefined variable: gufen_zong D:\WWW\fys\App\Admin\Controller\AdminBaseController.class.php 第 25 行.
SQL: SELECT * FROM `ztp_config` WHERE `key` = 'bili_fenhong_day' LIMIT 1   [ RunTime:0.0010s ]
NOTIC: [2] Division by zero D:\WWW\fys\App\Admin\Controller\AdminBaseController.class.php 第 29 行.
NOTIC: [2048] Declaration of Admin\Model\AdminNavModel::getTreeData() should be compatible with Admin\Model\BaseModel::getTreeData($type = 'tree', $order = '', $name = 'name', $child = 'id', $parent = 'pid') D:\WWW\fys\App\Admin\Model\AdminNavModel.class.php 第 7 行.
SQL: SELECT * FROM `ztp_admin_nav` ORDER BY order_number is null,order_number,id  [ RunTime:0.0550s ]
INFO: [ view_parse ] --START--
INFO: [ template_filter ] --START--
INFO: Run Behavior\ContentReplaceBehavior [ RunTime:0.000000s ]
INFO: [ template_filter ] --END-- [ RunTime:0.000000s ]
INFO: Run Behavior\ParseTemplateBehavior [ RunTime:0.153008s ]
INFO: [ view_parse ] --END-- [ RunTime:0.153008s ]
INFO: [ view_filter ] --START--
INFO: Run Behavior\WriteHtmlCacheBehavior [ RunTime:0.002000s ]
INFO: [ view_filter ] --END-- [ RunTime:0.002000s ]
INFO: [ app_end ] --START--
INFO: Run Behavior\ShowPageTraceBehavior [ RunTime:0.003000s ]
INFO: [ app_end ] --END-- [ RunTime:0.003000s ]

[ 2018-04-08T14:39:07+08:00 ] 127.0.0.1 /admin/Index/welcome.html
INFO: [ app_init ] --START--
INFO: Run Behavior\BuildLiteBehavior [ RunTime:0.000000s ]
INFO: [ app_init ] --END-- [ RunTime:0.002000s ]
INFO: [ app_begin ] --START--
INFO: Run Behavior\ReadHtmlCacheBehavior [ RunTime:0.005001s ]
INFO: Run Behavior\CheckLangBehavior [ RunTime:0.003000s ]
INFO: [ app_begin ] --END-- [ RunTime:0.008001s ]
SQL: SELECT * FROM `ztp_config`  [ RunTime:0.0030s ]
SQL: SHOW COLUMNS FROM `ztp_auth_group_access` [ RunTime:0.0990s ]
SQL: SELECT `uid`,`group_id`,`title`,`rules` FROM ztp_auth_group_access a INNER JOIN ztp_auth_group g on a.group_id=g.id  WHERE ( a.uid='1' and g.status='1' )  [ RunTime:0.0020s ]
SQL: SHOW COLUMNS FROM `ztp_auth_rule` [ RunTime:0.1450s ]
SQL: SELECT `condition`,`name` FROM `ztp_auth_rule` WHERE `id` IN ('6','96','20','1','2','3','4','5','64','2026','2027','2028','2157','2158','2159','2160','2163','2166','2214','2215','2216','21','7','8','9','10','11','12','13','14','15','16','19','2074','2153','2154','2155','153','154','2003','2006','2007','2008','2075','2009','2010','2011','2014','2015','2029','2111','2118','2122','2147','2184','2185','2189','2190','2202','2182','2221','2222','2223','2224','2225','2226','2227','2018','2020','2022','2023','2024','2025','2145','2151','2152','2186','2057','2060','2062','2179','2138','2139','2140','2141','2193','2218','2219','2220','2142','2143','2144','2191','2187','2197','2198','2199','2200','2201','2217','2203') AND `type` = 1 AND `status` = 1  [ RunTime:0.0030s ]
SQL: SELECT * FROM `ztp_config` WHERE `key` = 'project_money_count' LIMIT 1   [ RunTime:0.0020s ]
SQL: SELECT * FROM `ztp_config` WHERE `key` = 'project_money_count_day' LIMIT 1   [ RunTime:0.0020s ]
SQL: SELECT * FROM `ztp_project_user_auto` WHERE `status` = 0  [ RunTime:0.0020s ]
NOTIC: [8] Undefined variable: gufen_zong D:\WWW\fys\App\Admin\Controller\AdminBaseController.class.php 第 25 行.
SQL: SELECT * FROM `ztp_config` WHERE `key` = 'bili_fenhong_day' LIMIT 1   [ RunTime:0.0020s ]
NOTIC: [2] Division by zero D:\WWW\fys\App\Admin\Controller\AdminBaseController.class.php 第 29 行.
INFO: [ view_parse ] --START--
INFO: [ template_filter ] --START--
INFO: Run Behavior\ContentReplaceBehavior [ RunTime:0.001000s ]
INFO: [ template_filter ] --END-- [ RunTime:0.001000s ]
NOTIC: [8] Use of undefined constant mysqlnd - assumed 'mysqlnd' D:\WWW\fys\App\Runtime\Cache\Admin\d9e8c752db43d77c05cd2cf54a23d500.php 第 45 行.
NOTIC: [8] Undefined variable: config D:\WWW\fys\App\Runtime\Cache\Admin\d9e8c752db43d77c05cd2cf54a23d500.php 第 65 行.
NOTIC: [8] Undefined variable: page D:\WWW\fys\App\Runtime\Cache\Admin\d9e8c752db43d77c05cd2cf54a23d500.php 第 94 行.
INFO: Run Behavior\ParseTemplateBehavior [ RunTime:0.184011s ]
INFO: [ view_parse ] --END-- [ RunTime:0.184011s ]
INFO: [ view_filter ] --START--
INFO: Run Behavior\WriteHtmlCacheBehavior [ RunTime:0.001000s ]
INFO: [ view_filter ] --END-- [ RunTime:0.002000s ]
INFO: [ app_end ] --START--
INFO: Run Behavior\ShowPageTraceBehavior [ RunTime:0.001000s ]
INFO: [ app_end ] --END-- [ RunTime:0.001000s ]

[ 2018-04-08T14:39:22+08:00 ] 127.0.0.1 /admin/User/xiaofeiList.html
INFO: [ app_init ] --START--
INFO: Run Behavior\BuildLiteBehavior [ RunTime:0.000000s ]
INFO: [ app_init ] --END-- [ RunTime:0.001000s ]
INFO: [ app_begin ] --START--
INFO: Run Behavior\ReadHtmlCacheBehavior [ RunTime:0.002000s ]
INFO: Run Behavior\CheckLangBehavior [ RunTime:0.002000s ]
INFO: [ app_begin ] --END-- [ RunTime:0.004000s ]
SQL: SELECT * FROM `ztp_config`  [ RunTime:0.0010s ]
SQL: SHOW COLUMNS FROM `ztp_auth_group_access` [ RunTime:0.0260s ]
SQL: SELECT `uid`,`group_id`,`title`,`rules` FROM ztp_auth_group_access a INNER JOIN ztp_auth_group g on a.group_id=g.id  WHERE ( a.uid='1' and g.status='1' )  [ RunTime:0.0010s ]
SQL: SHOW COLUMNS FROM `ztp_auth_rule` [ RunTime:0.0260s ]
SQL: SELECT `condition`,`name` FROM `ztp_auth_rule` WHERE `id` IN ('6','96','20','1','2','3','4','5','64','2026','2027','2028','2157','2158','2159','2160','2163','2166','2214','2215','2216','21','7','8','9','10','11','12','13','14','15','16','19','2074','2153','2154','2155','153','154','2003','2006','2007','2008','2075','2009','2010','2011','2014','2015','2029','2111','2118','2122','2147','2184','2185','2189','2190','2202','2182','2221','2222','2223','2224','2225','2226','2227','2018','2020','2022','2023','2024','2025','2145','2151','2152','2186','2057','2060','2062','2179','2138','2139','2140','2141','2193','2218','2219','2220','2142','2143','2144','2191','2187','2197','2198','2199','2200','2201','2217','2203') AND `type` = 1 AND `status` = 1  [ RunTime:0.0020s ]
SQL: SELECT * FROM `ztp_config` WHERE `key` = 'project_money_count' LIMIT 1   [ RunTime:0.0010s ]
SQL: SELECT * FROM `ztp_config` WHERE `key` = 'project_money_count_day' LIMIT 1   [ RunTime:0.0010s ]
SQL: SELECT * FROM `ztp_project_user_auto` WHERE `status` = 0  [ RunTime:0.0170s ]
NOTIC: [8] Undefined variable: gufen_zong D:\WWW\fys\App\Admin\Controller\AdminBaseController.class.php 第 25 行.
SQL: SELECT * FROM `ztp_config` WHERE `key` = 'bili_fenhong_day' LIMIT 1   [ RunTime:0.0010s ]
NOTIC: [2] Division by zero D:\WWW\fys\App\Admin\Controller\AdminBaseController.class.php 第 29 行.
NOTIC: [8] Undefined variable: where D:\WWW\fys\App\Admin\Controller\UserController.class.php 第 609 行.
SQL: SELECT COUNT(*) AS tp_count FROM `ztp_project_user_auto` LIMIT 1   [ RunTime:0.0340s ]
NOTIC: [8] Undefined variable: where D:\WWW\fys\App\Admin\Controller\UserController.class.php 第 615 行.
SQL: SELECT * FROM `ztp_project_user_auto` ORDER BY id desc LIMIT 0,25   [ RunTime:0.0010s ]
SQL: SELECT * FROM `ztp_user` WHERE `uid` = 2 AND `status` <> -404 LIMIT 1   [ RunTime:0.0840s ]
SQL: SHOW COLUMNS FROM `ztp_user_relation` [ RunTime:0.1020s ]
SQL: SELECT * FROM `ztp_user_relation` WHERE `uid` = 2 LIMIT 1   [ RunTime:0.0010s ]
SQL: SELECT * FROM `ztp_user` WHERE `uid` = 0 AND `status` <> -404 LIMIT 1   [ RunTime:0.0010s ]
SQL: SELECT * FROM `ztp_user` WHERE `uid` = 392 AND `status` <> -404 LIMIT 1   [ RunTime:0.0010s ]
SQL: SELECT * FROM `ztp_user_relation` WHERE `uid` = 392 LIMIT 1   [ RunTime:0.0010s ]
SQL: SELECT * FROM `ztp_user` WHERE `uid` = 391 AND `status` <> -404 LIMIT 1   [ RunTime:0.0010s ]
SQL: SELECT * FROM `ztp_user` WHERE `uid` = 392 AND `status` <> -404 LIMIT 1   [ RunTime:0.0010s ]
SQL: SELECT * FROM `ztp_user_relation` WHERE `uid` = 392 LIMIT 1   [ RunTime:0.0010s ]
SQL: SELECT * FROM `ztp_user` WHERE `uid` = 391 AND `status` <> -404 LIMIT 1   [ RunTime:0.0010s ]
SQL: SELECT * FROM `ztp_user` WHERE `uid` = 391 AND `status` <> -404 LIMIT 1   [ RunTime:0.0010s ]
SQL: SELECT * FROM `ztp_user_relation` WHERE `uid` = 391 LIMIT 1   [ RunTime:0.0010s ]
SQL: SELECT * FROM `ztp_user` WHERE `uid` = 390 AND `status` <> -404 LIMIT 1   [ RunTime:0.0010s ]
INFO: [ view_parse ] --START--
INFO: [ template_filter ] --START--
INFO: Run Behavior\ContentReplaceBehavior [ RunTime:0.000000s ]
INFO: [ template_filter ] --END-- [ RunTime:0.000000s ]
NOTIC: [8] Undefined index: username D:\WWW\fys\App\Runtime\Cache\Admin\ed309d7d2869d0cdc5923b54eaa0c35c.php 第 31 行.
NOTIC: [8] Undefined index: status D:\WWW\fys\App\Runtime\Cache\Admin\ed309d7d2869d0cdc5923b54eaa0c35c.php 第 36 行.
NOTIC: [8] Undefined index: status D:\WWW\fys\App\Runtime\Cache\Admin\ed309d7d2869d0cdc5923b54eaa0c35c.php 第 37 行.
INFO: Run Behavior\ParseTemplateBehavior [ RunTime:0.062004s ]
INFO: [ view_parse ] --END-- [ RunTime:0.062004s ]
INFO: [ view_filter ] --START--
INFO: Run Behavior\WriteHtmlCacheBehavior [ RunTime:0.001000s ]
INFO: [ view_filter ] --END-- [ RunTime:0.001000s ]
INFO: [ app_end ] --START--
INFO: Run Behavior\ShowPageTraceBehavior [ RunTime:0.002000s ]
INFO: [ app_end ] --END-- [ RunTime:0.002000s ]

[ 2018-04-08T14:39:22+08:00 ] 127.0.0.1 /admin/User/baodan.html
INFO: [ app_init ] --START--
INFO: Run Behavior\BuildLiteBehavior [ RunTime:0.000000s ]
INFO: [ app_init ] --END-- [ RunTime:0.001000s ]
INFO: [ app_begin ] --START--
INFO: Run Behavior\ReadHtmlCacheBehavior [ RunTime:0.001000s ]
INFO: Run Behavior\CheckLangBehavior [ RunTime:0.001000s ]
INFO: [ app_begin ] --END-- [ RunTime:0.002000s ]
SQL: SELECT * FROM `ztp_config`  [ RunTime:0.0010s ]
SQL: SHOW COLUMNS FROM `ztp_auth_group_access` [ RunTime:0.0250s ]
SQL: SELECT `uid`,`group_id`,`title`,`rules` FROM ztp_auth_group_access a INNER JOIN ztp_auth_group g on a.group_id=g.id  WHERE ( a.uid='1' and g.status='1' )  [ RunTime:0.0010s ]
SQL: SHOW COLUMNS FROM `ztp_auth_rule` [ RunTime:0.0270s ]
SQL: SELECT `condition`,`name` FROM `ztp_auth_rule` WHERE `id` IN ('6','96','20','1','2','3','4','5','64','2026','2027','2028','2157','2158','2159','2160','2163','2166','2214','2215','2216','21','7','8','9','10','11','12','13','14','15','16','19','2074','2153','2154','2155','153','154','2003','2006','2007','2008','2075','2009','2010','2011','2014','2015','2029','2111','2118','2122','2147','2184','2185','2189','2190','2202','2182','2221','2222','2223','2224','2225','2226','2227','2018','2020','2022','2023','2024','2025','2145','2151','2152','2186','2057','2060','2062','2179','2138','2139','2140','2141','2193','2218','2219','2220','2142','2143','2144','2191','2187','2197','2198','2199','2200','2201','2217','2203') AND `type` = 1 AND `status` = 1  [ RunTime:0.0150s ]
SQL: SELECT * FROM `ztp_config` WHERE `key` = 'project_money_count' LIMIT 1   [ RunTime:0.0020s ]
SQL: SELECT * FROM `ztp_config` WHERE `key` = 'project_money_count_day' LIMIT 1   [ RunTime:0.0010s ]
SQL: SELECT * FROM `ztp_project_user_auto` WHERE `status` = 0  [ RunTime:0.0000s ]
NOTIC: [8] Undefined variable: gufen_zong D:\WWW\fys\App\Admin\Controller\AdminBaseController.class.php 第 25 行.
SQL: SELECT * FROM `ztp_config` WHERE `key` = 'bili_fenhong_day' LIMIT 1   [ RunTime:0.0010s ]
NOTIC: [2] Division by zero D:\WWW\fys\App\Admin\Controller\AdminBaseController.class.php 第 29 行.
NOTIC: [8] Undefined variable: where D:\WWW\fys\App\Admin\Controller\UserController.class.php 第 648 行.
SQL: SELECT COUNT(*) AS tp_count FROM `ztp_project_user` LIMIT 1   [ RunTime:0.0720s ]
NOTIC: [8] Undefined variable: where D:\WWW\fys\App\Admin\Controller\UserController.class.php 第 654 行.
SQL: SELECT * FROM `ztp_project_user` ORDER BY id desc LIMIT 0,25   [ RunTime:0.0020s ]
SQL: SELECT * FROM `ztp_user` WHERE `uid` = 391 AND `status` <> -404 LIMIT 1   [ RunTime:0.0020s ]
SQL: SELECT * FROM `ztp_user` WHERE `uid` = 391 AND `status` <> -404 LIMIT 1   [ RunTime:0.0010s ]
SQL: SELECT * FROM `ztp_user` WHERE `uid` = 390 AND `status` <> -404 LIMIT 1   [ RunTime:0.0010s ]
SQL: SELECT * FROM `ztp_user` WHERE `uid` = 390 AND `status` <> -404 LIMIT 1   [ RunTime:0.0010s ]
INFO: [ view_parse ] --START--
INFO: [ template_filter ] --START--
INFO: Run Behavior\ContentReplaceBehavior [ RunTime:0.000000s ]
INFO: [ template_filter ] --END-- [ RunTime:0.000000s ]
NOTIC: [8] Undefined index: username D:\WWW\fys\App\Runtime\Cache\Admin\cbea8730bf8090d44f9478723d088c05.php 第 31 行.
NOTIC: [8] Undefined index: baodan_type D:\WWW\fys\App\Runtime\Cache\Admin\cbea8730bf8090d44f9478723d088c05.php 第 60 行.
NOTIC: [8] Undefined index: is_image D:\WWW\fys\App\Runtime\Cache\Admin\cbea8730bf8090d44f9478723d088c05.php 第 61 行.
NOTIC: [8] Undefined index: image_id D:\WWW\fys\App\Runtime\Cache\Admin\cbea8730bf8090d44f9478723d088c05.php 第 66 行.
NOTIC: [8] Undefined index: baodan_type D:\WWW\fys\App\Runtime\Cache\Admin\cbea8730bf8090d44f9478723d088c05.php 第 60 行.
NOTIC: [8] Undefined index: is_image D:\WWW\fys\App\Runtime\Cache\Admin\cbea8730bf8090d44f9478723d088c05.php 第 61 行.
NOTIC: [8] Undefined index: image_id D:\WWW\fys\App\Runtime\Cache\Admin\cbea8730bf8090d44f9478723d088c05.php 第 66 行.
INFO: Run Behavior\ParseTemplateBehavior [ RunTime:0.042003s ]
INFO: [ view_parse ] --END-- [ RunTime:0.042003s ]
INFO: [ view_filter ] --START--
INFO: Run Behavior\WriteHtmlCacheBehavior [ RunTime:0.001000s ]
INFO: [ view_filter ] --END-- [ RunTime:0.002000s ]
INFO: [ app_end ] --START--
INFO: Run Behavior\ShowPageTraceBehavior [ RunTime:0.002000s ]
INFO: [ app_end ] --END-- [ RunTime:0.002000s ]

[ 2018-04-08T14:39:30+08:00 ] 127.0.0.1 /admin/User/addOutUser/id/873.html
INFO: [ app_init ] --START--
INFO: Run Behavior\BuildLiteBehavior [ RunTime:0.000000s ]
INFO: [ app_init ] --END-- [ RunTime:0.001000s ]
INFO: [ app_begin ] --START--
INFO: Run Behavior\ReadHtmlCacheBehavior [ RunTime:0.001000s ]
INFO: Run Behavior\CheckLangBehavior [ RunTime:0.001000s ]
INFO: [ app_begin ] --END-- [ RunTime:0.002000s ]
SQL: SELECT * FROM `ztp_config`  [ RunTime:0.0010s ]
SQL: SHOW COLUMNS FROM `ztp_auth_group_access` [ RunTime:0.0290s ]
SQL: SELECT `uid`,`group_id`,`title`,`rules` FROM ztp_auth_group_access a INNER JOIN ztp_auth_group g on a.group_id=g.id  WHERE ( a.uid='1' and g.status='1' )  [ RunTime:0.0230s ]
SQL: SHOW COLUMNS FROM `ztp_auth_rule` [ RunTime:0.0260s ]
SQL: SELECT `condition`,`name` FROM `ztp_auth_rule` WHERE `id` IN ('6','96','20','1','2','3','4','5','64','2026','2027','2028','2157','2158','2159','2160','2163','2166','2214','2215','2216','21','7','8','9','10','11','12','13','14','15','16','19','2074','2153','2154','2155','153','154','2003','2006','2007','2008','2075','2009','2010','2011','2014','2015','2029','2111','2118','2122','2147','2184','2185','2189','2190','2202','2182','2221','2222','2223','2224','2225','2226','2227','2018','2020','2022','2023','2024','2025','2145','2151','2152','2186','2057','2060','2062','2179','2138','2139','2140','2141','2193','2218','2219','2220','2142','2143','2144','2191','2187','2197','2198','2199','2200','2201','2217','2203') AND `type` = 1 AND `status` = 1  [ RunTime:0.0020s ]
SQL: SELECT * FROM `ztp_config` WHERE `key` = 'project_money_count' LIMIT 1   [ RunTime:0.0010s ]
SQL: SELECT * FROM `ztp_config` WHERE `key` = 'project_money_count_day' LIMIT 1   [ RunTime:0.0010s ]
SQL: SELECT * FROM `ztp_project_user_auto` WHERE `status` = 0  [ RunTime:0.0020s ]
NOTIC: [8] Undefined variable: gufen_zong D:\WWW\fys\App\Admin\Controller\AdminBaseController.class.php 第 25 行.
SQL: SELECT * FROM `ztp_config` WHERE `key` = 'bili_fenhong_day' LIMIT 1   [ RunTime:0.0020s ]
NOTIC: [2] Division by zero D:\WWW\fys\App\Admin\Controller\AdminBaseController.class.php 第 29 行.
SQL: SELECT * FROM `ztp_project_user` WHERE `id` = 873 LIMIT 1   [ RunTime:0.0020s ]
SQL: SELECT * FROM `ztp_project_user_pic`  [ RunTime:0.0820s ]
SQL: SELECT * FROM `ztp_user` WHERE `uid` = 1 AND `status` <> -404 LIMIT 1   [ RunTime:0.0020s ]
INFO: [ view_parse ] --START--
INFO: [ template_filter ] --START--
INFO: Run Behavior\ContentReplaceBehavior [ RunTime:0.001000s ]
INFO: [ template_filter ] --END-- [ RunTime:0.001000s ]
NOTIC: [8] Undefined variable: geshi D:\WWW\fys\App\Runtime\Cache\Admin\f9d04376911166d2944bd0857de246c1.php 第 5 行.
INFO: Run Behavior\ParseTemplateBehavior [ RunTime:0.034001s ]
INFO: [ view_parse ] --END-- [ RunTime:0.034001s ]
INFO: [ view_filter ] --START--
INFO: Run Behavior\WriteHtmlCacheBehavior [ RunTime:0.001001s ]
INFO: [ view_filter ] --END-- [ RunTime:0.001001s ]
INFO: [ app_end ] --START--
INFO: Run Behavior\ShowPageTraceBehavior [ RunTime:0.002000s ]
INFO: [ app_end ] --END-- [ RunTime:0.002000s ]

[ 2018-04-08T14:39:39+08:00 ] 127.0.0.1 /admin/User/addOutUser/id/873.html
INFO: [ app_init ] --START--
INFO: Run Behavior\BuildLiteBehavior [ RunTime:0.000000s ]
INFO: [ app_init ] --END-- [ RunTime:0.001001s ]
INFO: [ app_begin ] --START--
INFO: Run Behavior\ReadHtmlCacheBehavior [ RunTime:0.003001s ]
INFO: Run Behavior\CheckLangBehavior [ RunTime:0.003000s ]
INFO: [ app_begin ] --END-- [ RunTime:0.006001s ]
SQL: SELECT * FROM `ztp_config`  [ RunTime:0.0030s ]
SQL: SHOW COLUMNS FROM `ztp_auth_group_access` [ RunTime:0.0400s ]
SQL: SELECT `uid`,`group_id`,`title`,`rules` FROM ztp_auth_group_access a INNER JOIN ztp_auth_group g on a.group_id=g.id  WHERE ( a.uid='1' and g.status='1' )  [ RunTime:0.0030s ]
SQL: SHOW COLUMNS FROM `ztp_auth_rule` [ RunTime:0.1380s ]
SQL: SELECT `condition`,`name` FROM `ztp_auth_rule` WHERE `id` IN ('6','96','20','1','2','3','4','5','64','2026','2027','2028','2157','2158','2159','2160','2163','2166','2214','2215','2216','21','7','8','9','10','11','12','13','14','15','16','19','2074','2153','2154','2155','153','154','2003','2006','2007','2008','2075','2009','2010','2011','2014','2015','2029','2111','2118','2122','2147','2184','2185','2189','2190','2202','2182','2221','2222','2223','2224','2225','2226','2227','2018','2020','2022','2023','2024','2025','2145','2151','2152','2186','2057','2060','2062','2179','2138','2139','2140','2141','2193','2218','2219','2220','2142','2143','2144','2191','2187','2197','2198','2199','2200','2201','2217','2203') AND `type` = 1 AND `status` = 1  [ RunTime:0.0320s ]
SQL: SELECT * FROM `ztp_config` WHERE `key` = 'project_money_count' LIMIT 1   [ RunTime:0.0020s ]
SQL: SELECT * FROM `ztp_config` WHERE `key` = 'project_money_count_day' LIMIT 1   [ RunTime:0.0020s ]
SQL: SELECT * FROM `ztp_project_user_auto` WHERE `status` = 0  [ RunTime:0.0030s ]
NOTIC: [8] Undefined variable: gufen_zong D:\WWW\fys\App\Admin\Controller\AdminBaseController.class.php 第 25 行.
SQL: SELECT * FROM `ztp_config` WHERE `key` = 'bili_fenhong_day' LIMIT 1   [ RunTime:0.0030s ]
NOTIC: [2] Division by zero D:\WWW\fys\App\Admin\Controller\AdminBaseController.class.php 第 29 行.
SQL: SELECT * FROM `ztp_project_user` WHERE `id` = 873 LIMIT 1   [ RunTime:0.0020s ]
SQL: SELECT * FROM `ztp_project_user_pic`  [ RunTime:0.0020s ]
SQL: SELECT * FROM `ztp_user` WHERE `uid` = 1 AND `status` <> -404 LIMIT 1   [ RunTime:0.0110s ]
INFO: [ view_parse ] --START--
INFO: [ template_filter ] --START--
INFO: Run Behavior\ContentReplaceBehavior [ RunTime:0.000000s ]
INFO: [ template_filter ] --END-- [ RunTime:0.000000s ]
NOTIC: [8] Undefined variable: geshi D:\WWW\fys\App\Runtime\Cache\Admin\f9d04376911166d2944bd0857de246c1.php 第 5 行.
INFO: Run Behavior\ParseTemplateBehavior [ RunTime:0.043002s ]
INFO: [ view_parse ] --END-- [ RunTime:0.043002s ]
INFO: [ view_filter ] --START--
INFO: Run Behavior\WriteHtmlCacheBehavior [ RunTime:0.002000s ]
INFO: [ view_filter ] --END-- [ RunTime:0.002000s ]
INFO: [ app_end ] --START--
INFO: Run Behavior\ShowPageTraceBehavior [ RunTime:0.003000s ]
INFO: [ app_end ] --END-- [ RunTime:0.003000s ]

[ 2018-04-08T14:39:42+08:00 ] 127.0.0.1 /admin/User/baodan.html
INFO: [ app_init ] --START--
INFO: Run Behavior\BuildLiteBehavior [ RunTime:0.000000s ]
INFO: [ app_init ] --END-- [ RunTime:0.002000s ]
INFO: [ app_begin ] --START--
INFO: Run Behavior\ReadHtmlCacheBehavior [ RunTime:0.002000s ]
INFO: Run Behavior\CheckLangBehavior [ RunTime:0.002000s ]
INFO: [ app_begin ] --END-- [ RunTime:0.004000s ]
SQL: SELECT * FROM `ztp_config`  [ RunTime:0.0020s ]
SQL: SHOW COLUMNS FROM `ztp_auth_group_access` [ RunTime:0.0340s ]
SQL: SELECT `uid`,`group_id`,`title`,`rules` FROM ztp_auth_group_access a INNER JOIN ztp_auth_group g on a.group_id=g.id  WHERE ( a.uid='1' and g.status='1' )  [ RunTime:0.0020s ]
SQL: SHOW COLUMNS FROM `ztp_auth_rule` [ RunTime:0.0390s ]
SQL: SELECT `condition`,`name` FROM `ztp_auth_rule` WHERE `id` IN ('6','96','20','1','2','3','4','5','64','2026','2027','2028','2157','2158','2159','2160','2163','2166','2214','2215','2216','21','7','8','9','10','11','12','13','14','15','16','19','2074','2153','2154','2155','153','154','2003','2006','2007','2008','2075','2009','2010','2011','2014','2015','2029','2111','2118','2122','2147','2184','2185','2189','2190','2202','2182','2221','2222','2223','2224','2225','2226','2227','2018','2020','2022','2023','2024','2025','2145','2151','2152','2186','2057','2060','2062','2179','2138','2139','2140','2141','2193','2218','2219','2220','2142','2143','2144','2191','2187','2197','2198','2199','2200','2201','2217','2203') AND `type` = 1 AND `status` = 1  [ RunTime:0.0040s ]
SQL: SELECT * FROM `ztp_config` WHERE `key` = 'project_money_count' LIMIT 1   [ RunTime:0.0020s ]
SQL: SELECT * FROM `ztp_config` WHERE `key` = 'project_money_count_day' LIMIT 1   [ RunTime:0.0020s ]
SQL: SELECT * FROM `ztp_project_user_auto` WHERE `status` = 0  [ RunTime:0.0030s ]
NOTIC: [8] Undefined variable: gufen_zong D:\WWW\fys\App\Admin\Controller\AdminBaseController.class.php 第 25 行.
SQL: SELECT * FROM `ztp_config` WHERE `key` = 'bili_fenhong_day' LIMIT 1   [ RunTime:0.0020s ]
NOTIC: [2] Division by zero D:\WWW\fys\App\Admin\Controller\AdminBaseController.class.php 第 29 行.
NOTIC: [8] Undefined variable: where D:\WWW\fys\App\Admin\Controller\UserController.class.php 第 648 行.
SQL: SELECT COUNT(*) AS tp_count FROM `ztp_project_user` LIMIT 1   [ RunTime:0.0020s ]
NOTIC: [8] Undefined variable: where D:\WWW\fys\App\Admin\Controller\UserController.class.php 第 654 行.
SQL: SELECT * FROM `ztp_project_user` ORDER BY id desc LIMIT 0,25   [ RunTime:0.0030s ]
SQL: SELECT * FROM `ztp_user` WHERE `uid` = 391 AND `status` <> -404 LIMIT 1   [ RunTime:0.0020s ]
SQL: SELECT * FROM `ztp_user` WHERE `uid` = 391 AND `status` <> -404 LIMIT 1   [ RunTime:0.0020s ]
SQL: SELECT * FROM `ztp_user` WHERE `uid` = 390 AND `status` <> -404 LIMIT 1   [ RunTime:0.0010s ]
SQL: SELECT * FROM `ztp_user` WHERE `uid` = 390 AND `status` <> -404 LIMIT 1   [ RunTime:0.0020s ]
INFO: [ view_parse ] --START--
INFO: [ template_filter ] --START--
INFO: Run Behavior\ContentReplaceBehavior [ RunTime:0.000000s ]
INFO: [ template_filter ] --END-- [ RunTime:0.001000s ]
NOTIC: [8] Undefined index: username D:\WWW\fys\App\Runtime\Cache\Admin\cbea8730bf8090d44f9478723d088c05.php 第 31 行.
NOTIC: [8] Undefined index: baodan_type D:\WWW\fys\App\Runtime\Cache\Admin\cbea8730bf8090d44f9478723d088c05.php 第 60 行.
NOTIC: [8] Undefined index: is_image D:\WWW\fys\App\Runtime\Cache\Admin\cbea8730bf8090d44f9478723d088c05.php 第 61 行.
NOTIC: [8] Undefined index: image_id D:\WWW\fys\App\Runtime\Cache\Admin\cbea8730bf8090d44f9478723d088c05.php 第 66 行.
NOTIC: [8] Undefined index: baodan_type D:\WWW\fys\App\Runtime\Cache\Admin\cbea8730bf8090d44f9478723d088c05.php 第 60 行.
NOTIC: [8] Undefined index: is_image D:\WWW\fys\App\Runtime\Cache\Admin\cbea8730bf8090d44f9478723d088c05.php 第 61 行.
NOTIC: [8] Undefined index: image_id D:\WWW\fys\App\Runtime\Cache\Admin\cbea8730bf8090d44f9478723d088c05.php 第 66 行.
INFO: Run Behavior\ParseTemplateBehavior [ RunTime:0.064004s ]
INFO: [ view_parse ] --END-- [ RunTime:0.065004s ]
INFO: [ view_filter ] --START--
INFO: Run Behavior\WriteHtmlCacheBehavior [ RunTime:0.003000s ]
INFO: [ view_filter ] --END-- [ RunTime:0.003000s ]
INFO: [ app_end ] --START--
INFO: Run Behavior\ShowPageTraceBehavior [ RunTime:0.003000s ]
INFO: [ app_end ] --END-- [ RunTime:0.003000s ]

[ 2018-04-08T14:39:44+08:00 ] 127.0.0.1 /admin/User/addOutUser/id/873.html
INFO: [ app_init ] --START--
INFO: Run Behavior\BuildLiteBehavior [ RunTime:0.000000s ]
INFO: [ app_init ] --END-- [ RunTime:0.001000s ]
INFO: [ app_begin ] --START--
INFO: Run Behavior\ReadHtmlCacheBehavior [ RunTime:0.004000s ]
INFO: Run Behavior\CheckLangBehavior [ RunTime:0.005000s ]
INFO: [ app_begin ] --END-- [ RunTime:0.009000s ]
SQL: SELECT * FROM `ztp_config`  [ RunTime:0.0010s ]
SQL: SHOW COLUMNS FROM `ztp_auth_group_access` [ RunTime:0.0380s ]
SQL: SELECT `uid`,`group_id`,`title`,`rules` FROM ztp_auth_group_access a INNER JOIN ztp_auth_group g on a.group_id=g.id  WHERE ( a.uid='1' and g.status='1' )  [ RunTime:0.0020s ]
SQL: SHOW COLUMNS FROM `ztp_auth_rule` [ RunTime:0.0350s ]
SQL: SELECT `condition`,`name` FROM `ztp_auth_rule` WHERE `id` IN ('6','96','20','1','2','3','4','5','64','2026','2027','2028','2157','2158','2159','2160','2163','2166','2214','2215','2216','21','7','8','9','10','11','12','13','14','15','16','19','2074','2153','2154','2155','153','154','2003','2006','2007','2008','2075','2009','2010','2011','2014','2015','2029','2111','2118','2122','2147','2184','2185','2189','2190','2202','2182','2221','2222','2223','2224','2225','2226','2227','2018','2020','2022','2023','2024','2025','2145','2151','2152','2186','2057','2060','2062','2179','2138','2139','2140','2141','2193','2218','2219','2220','2142','2143','2144','2191','2187','2197','2198','2199','2200','2201','2217','2203') AND `type` = 1 AND `status` = 1  [ RunTime:0.0040s ]
SQL: SELECT * FROM `ztp_config` WHERE `key` = 'project_money_count' LIMIT 1   [ RunTime:0.0020s ]
SQL: SELECT * FROM `ztp_config` WHERE `key` = 'project_money_count_day' LIMIT 1   [ RunTime:0.0020s ]
SQL: SELECT * FROM `ztp_project_user_auto` WHERE `status` = 0  [ RunTime:0.0020s ]
NOTIC: [8] Undefined variable: gufen_zong D:\WWW\fys\App\Admin\Controller\AdminBaseController.class.php 第 25 行.
SQL: SELECT * FROM `ztp_config` WHERE `key` = 'bili_fenhong_day' LIMIT 1   [ RunTime:0.0020s ]
NOTIC: [2] Division by zero D:\WWW\fys\App\Admin\Controller\AdminBaseController.class.php 第 29 行.
SQL: SELECT * FROM `ztp_project_user` WHERE `id` = 873 LIMIT 1   [ RunTime:0.0020s ]
SQL: SELECT * FROM `ztp_project_user_pic`  [ RunTime:0.0020s ]
SQL: SELECT * FROM `ztp_user` WHERE `uid` = 1 AND `status` <> -404 LIMIT 1   [ RunTime:0.0020s ]
INFO: [ view_parse ] --START--
INFO: [ template_filter ] --START--
INFO: Run Behavior\ContentReplaceBehavior [ RunTime:0.000000s ]
INFO: [ template_filter ] --END-- [ RunTime:0.000000s ]
NOTIC: [8] Undefined variable: geshi D:\WWW\fys\App\Runtime\Cache\Admin\f9d04376911166d2944bd0857de246c1.php 第 5 行.
INFO: Run Behavior\ParseTemplateBehavior [ RunTime:0.037002s ]
INFO: [ view_parse ] --END-- [ RunTime:0.038002s ]
INFO: [ view_filter ] --START--
INFO: Run Behavior\WriteHtmlCacheBehavior [ RunTime:0.003000s ]
INFO: [ view_filter ] --END-- [ RunTime:0.003000s ]
INFO: [ app_end ] --START--
INFO: Run Behavior\ShowPageTraceBehavior [ RunTime:0.003000s ]
INFO: [ app_end ] --END-- [ RunTime:0.003000s ]

